2017-07-27 10:00:34.297770: W tensorflow/core/platform/cpu_feature_guard.cc:45] The TensorFlow library wasn't compiled to use SSE4.1 instructions, but these are available on your machine and could speed up CPU computations.
2017-07-27 10:00:34.297820: W tensorflow/core/platform/cpu_feature_guard.cc:45] The TensorFlow library wasn't compiled to use SSE4.2 instructions, but these are available on your machine and could speed up CPU computations.
2017-07-27 10:00:34.297832: W tensorflow/core/platform/cpu_feature_guard.cc:45] The TensorFlow library wasn't compiled to use AVX instructions, but these are available on your machine and could speed up CPU computations.
2017-07-27 10:00:34.297842: W tensorflow/core/platform/cpu_feature_guard.cc:45] The TensorFlow library wasn't compiled to use AVX2 instructions, but these are available on your machine and could speed up CPU computations.
2017-07-27 10:00:34.297851: W tensorflow/core/platform/cpu_feature_guard.cc:45] The TensorFlow library wasn't compiled to use FMA instructions, but these are available on your machine and could speed up CPU computations.
2017-07-27 10:00:34.832024: I tensorflow/core/common_runtime/gpu/gpu_device.cc:940] Found device 0 with properties: 
name: GeForce GTX 1080
major: 6 minor: 1 memoryClockRate (GHz) 1.7335
pciBusID 0000:08:00.0
Total memory: 7.92GiB
Free memory: 7.81GiB
2017-07-27 10:00:34.832085: I tensorflow/core/common_runtime/gpu/gpu_device.cc:961] DMA: 0 
2017-07-27 10:00:34.832100: I tensorflow/core/common_runtime/gpu/gpu_device.cc:971] 0:   Y 
2017-07-27 10:00:34.832124: I tensorflow/core/common_runtime/gpu/gpu_device.cc:1030] Creating TensorFlow device (/gpu:0) -> (device: 0, name: GeForce GTX 1080, pci bus id: 0000:08:00.0)
Number of (folders) crystal structures: 2964
Restoring variables from sleep. This may take a while...
example number: 0   MUE loss: 0.2481   label: -2.4944 	prediction: -2.7425
example number: 1   MUE loss: 1.6872   label: -3.2646 	prediction: -1.5775
example number: 2   MUE loss: 0.0353   label: -1.4220 	prediction: -1.4573
example number: 3   MUE loss: 0.8542   label: -4.3193 	prediction: -5.1735
example number: 4   MUE loss: 1.3232   label: -3.7090 	prediction: -2.3858
example number: 5   MUE loss: 1.2288   label: -3.6438 	prediction: -2.4150
example number: 6   MUE loss: 1.7310   label: -3.0099 	prediction: -1.2789
example number: 7   MUE loss: 0.2622   label: -5.3325 	prediction: -5.5946
example number: 8   MUE loss: 0.1719   label: -4.9770 	prediction: -4.8051
example number: 9   MUE loss: 1.4826   label: -5.7709 	prediction: -4.2883
example number: 10   MUE loss: 0.0794   label: -4.8703 	prediction: -4.9497
example number: 11   MUE loss: 0.3344   label: -1.9078 	prediction: -1.5735
example number: 12   MUE loss: 0.3792   label: -3.5609 	prediction: -3.9401
example number: 13   MUE loss: 0.3613   label: -1.8012 	prediction: -1.4399
example number: 14   MUE loss: 0.1004   label: -1.8071 	prediction: -1.7067
example number: 15   MUE loss: 0.2324   label: -3.3772 	prediction: -3.6096
example number: 16   MUE loss: 1.7412   label: -4.4556 	prediction: -2.7144
example number: 17   MUE loss: 0.6176   label: -4.4733 	prediction: -3.8557
example number: 18   MUE loss: 0.4350   label: -2.4233 	prediction: -1.9883
example number: 19   MUE loss: 0.4173   label: -4.6037 	prediction: -4.1863
example number: 20   MUE loss: 0.0801   label: -3.0040 	prediction: -3.0841
example number: 21   MUE loss: 0.2477   label: -4.3252 	prediction: -4.0775
example number: 22   MUE loss: 1.7277   label: -3.8631 	prediction: -2.1354
example number: 23   MUE loss: 0.6826   label: -5.1192 	prediction: -4.4366
example number: 24   MUE loss: 0.7785   label: -3.5550 	prediction: -2.7765
example number: 25   MUE loss: 2.3706   label: -6.7070 	prediction: -4.3365
example number: 26   MUE loss: 1.3567   label: -3.0217 	prediction: -1.6650
example number: 27   MUE loss: 0.4783   label: -3.0928 	prediction: -2.6145
example number: 28   MUE loss: 1.4038   label: -5.4569 	prediction: -4.0531
example number: 29   MUE loss: 0.1826   label: -2.8736 	prediction: -3.0562
example number: 30   MUE loss: 0.4798   label: -1.8604 	prediction: -2.3402
example number: 31   MUE loss: 0.2009   label: -5.3799 	prediction: -5.1790
example number: 32   MUE loss: 1.2893   label: -4.4319 	prediction: -3.1426
example number: 33   MUE loss: 1.8505   label: -4.6511 	prediction: -2.8006
example number: 34   MUE loss: 1.6813   label: -3.9282 	prediction: -2.2469
example number: 35   MUE loss: 1.2422   label: -4.3667 	prediction: -3.1245
example number: 36   MUE loss: 1.0839   label: -3.1698 	prediction: -2.0859
example number: 37   MUE loss: 0.3151   label: -2.3878 	prediction: -2.0727
example number: 38   MUE loss: 0.4430   label: -5.3621 	prediction: -4.9191
example number: 39   MUE loss: 2.0377   label: -3.9697 	prediction: -1.9320
example number: 40   MUE loss: 0.8097   label: -4.9829 	prediction: -4.1732
example number: 41   MUE loss: 0.0674   label: -3.3002 	prediction: -3.2328
example number: 42   MUE loss: 0.2986   label: -5.1962 	prediction: -4.8976
example number: 43   MUE loss: 2.5531   label: -4.7518 	prediction: -2.1987
example number: 44   MUE loss: 0.8297   label: -3.1817 	prediction: -2.3520
example number: 45   MUE loss: 0.0819   label: -2.1685 	prediction: -2.2504
example number: 46   MUE loss: 0.4016   label: -5.2436 	prediction: -5.6452
example number: 47   MUE loss: 1.1655   label: -4.3489 	prediction: -3.1834
example number: 48   MUE loss: 1.8732   label: -4.9177 	prediction: -3.0445
example number: 49   MUE loss: 1.6391   label: -4.4556 	prediction: -6.0946
example number: 50   MUE loss: 1.3712   label: -4.3963 	prediction: -3.0251
example number: 51   MUE loss: 0.4645   label: -2.1152 	prediction: -1.6507
example number: 52   MUE loss: 0.3549   label: -1.9789 	prediction: -2.3339
example number: 53   MUE loss: 0.7231   label: -1.9078 	prediction: -2.6310
example number: 54   MUE loss: 1.0643   label: -4.0823 	prediction: -3.0179
example number: 55   MUE loss: 0.7346   label: -4.7103 	prediction: -3.9757
example number: 56   MUE loss: 0.8538   label: -3.1402 	prediction: -3.9940
example number: 57   MUE loss: 0.4946   label: -2.8558 	prediction: -2.3612
example number: 58   MUE loss: 0.1427   label: -3.1639 	prediction: -3.3066
example number: 59   MUE loss: 0.5835   label: -2.1330 	prediction: -2.7165
example number: 60   MUE loss: 0.8862   label: -3.6142 	prediction: -2.7281
example number: 61   MUE loss: 0.0787   label: -4.2660 	prediction: -4.1873
example number: 62   MUE loss: 0.9861   label: -4.9118 	prediction: -3.9257
example number: 63   MUE loss: 0.7714   label: -3.7327 	prediction: -2.9613
example number: 64   MUE loss: 1.0139   label: -3.9460 	prediction: -2.9321
example number: 65   MUE loss: 0.7780   label: -1.8367 	prediction: -2.6147
example number: 66   MUE loss: 0.0211   label: -2.0619 	prediction: -2.0408
example number: 67   MUE loss: 0.5127   label: -3.0691 	prediction: -2.5564
example number: 68   MUE loss: 0.2887   label: -3.1165 	prediction: -3.4052
example number: 69   MUE loss: 2.1457   label: -4.2186 	prediction: -2.0729
example number: 70   MUE loss: 0.0565   label: -4.2186 	prediction: -4.1620
example number: 71   MUE loss: 1.0256   label: -2.4411 	prediction: -3.4667
example number: 72   MUE loss: 0.1561   label: -5.1547 	prediction: -5.3108
example number: 73   MUE loss: 1.2175   label: -4.5859 	prediction: -3.3684
example number: 74   MUE loss: 0.3480   label: -1.7775 	prediction: -1.4295
example number: 75   MUE loss: 0.0827   label: -5.3917 	prediction: -5.3090
example number: 76   MUE loss: 0.0015   label: -3.6201 	prediction: -3.6187
example number: 77   MUE loss: 1.1409   label: -3.9282 	prediction: -2.7874
example number: 78   MUE loss: 1.6387   label: -3.7564 	prediction: -2.1177
example number: 79   MUE loss: 0.0191   label: -3.3772 	prediction: -3.3582
example number: 80   MUE loss: 0.1993   label: -2.4411 	prediction: -2.2418
example number: 81   MUE loss: 0.0308   label: -3.7683 	prediction: -3.7374
example number: 82   MUE loss: 1.3912   label: -3.3298 	prediction: -1.9386
example number: 83   MUE loss: 0.6033   label: -3.7979 	prediction: -3.1946
example number: 84   MUE loss: 1.2445   label: -3.3120 	prediction: -2.0675
example number: 85   MUE loss: 0.7444   label: -4.0586 	prediction: -4.8030
example number: 86   MUE loss: 0.0499   label: -2.6248 	prediction: -2.5748
example number: 87   MUE loss: 1.1618   label: -3.1047 	prediction: -1.9429
example number: 88   MUE loss: 0.2859   label: -4.0882 	prediction: -4.3742
example number: 89   MUE loss: 0.5655   label: -5.1666 	prediction: -4.6011
example number: 90   MUE loss: 0.2806   label: -1.6234 	prediction: -1.3428
example number: 91   MUE loss: 0.0959   label: -3.4009 	prediction: -3.4968
example number: 92   MUE loss: 0.0369   label: -6.1146 	prediction: -6.1515
example number: 93   MUE loss: 0.1054   label: -4.0823 	prediction: -3.9769
example number: 94   MUE loss: 0.2928   label: -2.7729 	prediction: -2.4801
example number: 95   MUE loss: 1.0588   label: -2.8440 	prediction: -1.7852
example number: 96   MUE loss: 1.4544   label: -3.9342 	prediction: -2.4798
example number: 97   MUE loss: 1.2200   label: -5.4213 	prediction: -4.2014
example number: 98   MUE loss: 0.1238   label: -6.3515 	prediction: -6.2277
example number: 99   MUE loss: 0.4250   label: -3.0928 	prediction: -3.5178
example number: 100   MUE loss: 1.4735   label: -2.7492 	prediction: -1.2756
example number: 101   MUE loss: 1.0840   label: -2.8973 	prediction: -1.8133
example number: 102   MUE loss: 1.1591   label: -3.0514 	prediction: -1.8922
example number: 103   MUE loss: 0.0059   label: -2.4589 	prediction: -2.4647
example number: 104   MUE loss: 0.3657   label: -3.2528 	prediction: -2.8871
example number: 105   MUE loss: 1.5674   label: -4.4733 	prediction: -2.9060
example number: 106   MUE loss: 1.2146   label: -4.5385 	prediction: -3.3239
example number: 107   MUE loss: 0.9656   label: -5.1962 	prediction: -4.2305
example number: 108   MUE loss: 0.6984   label: -5.3621 	prediction: -4.6637
example number: 109   MUE loss: 0.2009   label: -1.7538 	prediction: -1.5528
example number: 110   MUE loss: 0.6748   label: -3.7683 	prediction: -4.4431
example number: 111   MUE loss: 1.1351   label: -5.1547 	prediction: -4.0196
example number: 112   MUE loss: 0.6619   label: -2.6248 	prediction: -3.2867
example number: 113   MUE loss: 0.9138   label: -4.7103 	prediction: -3.7965
example number: 114   MUE loss: 0.0046   label: -5.0481 	prediction: -5.0526
example number: 115   MUE loss: 0.3771   label: -3.5846 	prediction: -3.2075
example number: 116   MUE loss: 1.0440   label: -3.6616 	prediction: -2.6176
example number: 117   MUE loss: 0.3619   label: -2.9388 	prediction: -2.5769
example number: 118   MUE loss: 0.4298   label: -2.2041 	prediction: -1.7742
example number: 119   MUE loss: 0.2380   label: -2.8914 	prediction: -2.6533
example number: 120   MUE loss: 0.8957   label: -4.7163 	prediction: -3.8206
example number: 121   MUE loss: 2.9208   label: -4.9296 	prediction: -2.0087
example number: 122   MUE loss: 0.5745   label: -3.1047 	prediction: -2.5302
example number: 123   MUE loss: 1.0148   label: -3.9105 	prediction: -2.8956
example number: 124   MUE loss: 0.2136   label: -3.1995 	prediction: -3.4131
example number: 125   MUE loss: 0.9034   label: -2.4589 	prediction: -1.5554
example number: 126   MUE loss: 0.5034   label: -4.5622 	prediction: -4.0588
example number: 127   MUE loss: 0.1155   label: -4.9770 	prediction: -4.8615
example number: 128   MUE loss: 0.2437   label: -2.4589 	prediction: -2.2151
example number: 129   MUE loss: 1.1599   label: -4.4022 	prediction: -3.2423
example number: 130   MUE loss: 1.1097   label: -3.1995 	prediction: -4.3091
example number: 131   MUE loss: 0.3646   label: -3.2646 	prediction: -2.9000
example number: 132   MUE loss: 2.2984   label: -4.8288 	prediction: -2.5305
example number: 133   MUE loss: 0.0038   label: -2.0500 	prediction: -2.0462
example number: 134   MUE loss: 0.3185   label: -3.1639 	prediction: -2.8454
example number: 135   MUE loss: 1.4972   label: -5.4984 	prediction: -4.0011
example number: 136   MUE loss: 0.3468   label: -3.8512 	prediction: -3.5044
example number: 137   MUE loss: 0.3632   label: -4.2186 	prediction: -3.8553
example number: 138   MUE loss: 2.0339   label: -4.2423 	prediction: -2.2083
example number: 139   MUE loss: 0.3848   label: -4.0704 	prediction: -4.4552
example number: 140   MUE loss: 1.0459   label: -4.3845 	prediction: -3.3386
example number: 141   MUE loss: 0.3669   label: -3.5668 	prediction: -3.1999
example number: 142   MUE loss: 0.7185   label: -3.3417 	prediction: -2.6231
example number: 143   MUE loss: 2.3246   label: -3.7268 	prediction: -1.4022
example number: 144   MUE loss: 0.8197   label: -4.2482 	prediction: -3.4285
example number: 145   MUE loss: 0.4047   label: -5.1547 	prediction: -4.7500
example number: 146   MUE loss: 0.0795   label: -4.5030 	prediction: -4.5825
example number: 147   MUE loss: 1.0507   label: -4.7400 	prediction: -3.6892
example number: 148   MUE loss: 1.3804   label: -5.4924 	prediction: -4.1121
example number: 149   MUE loss: 0.3510   label: -3.0454 	prediction: -2.6944
example number: 150   MUE loss: 1.7501   label: -5.3739 	prediction: -3.6238
example number: 151   MUE loss: 0.1599   label: -5.5695 	prediction: -5.4096
example number: 152   MUE loss: 1.4394   label: -4.3252 	prediction: -2.8858
example number: 153   MUE loss: 3.1422   label: -4.6215 	prediction: -1.4793
example number: 154   MUE loss: 0.2909   label: -1.3213 	prediction: -1.6122
example number: 155   MUE loss: 0.9275   label: -2.4292 	prediction: -3.3567
example number: 156   MUE loss: 0.1070   label: -2.1863 	prediction: -2.2933
example number: 157   MUE loss: 0.3137   label: -1.8012 	prediction: -1.4874
example number: 158   MUE loss: 0.4234   label: -1.9315 	prediction: -1.5081
example number: 159   MUE loss: 0.5850   label: -1.3627 	prediction: -1.9478
example number: 160   MUE loss: 0.0590   label: -2.7966 	prediction: -2.7376
example number: 161   MUE loss: 0.9172   label: -3.9045 	prediction: -2.9874
example number: 162   MUE loss: 1.3949   label: -3.3120 	prediction: -1.9171
example number: 163   MUE loss: 0.2907   label: -2.9803 	prediction: -2.6895
example number: 164   MUE loss: 0.7923   label: -2.7847 	prediction: -1.9924
example number: 165   MUE loss: 0.5288   label: -3.0099 	prediction: -2.4811
example number: 166   MUE loss: 0.6031   label: -3.5550 	prediction: -2.9519
example number: 167   MUE loss: 1.1327   label: -4.9770 	prediction: -3.8443
example number: 168   MUE loss: 1.0882   label: -2.9921 	prediction: -4.0803
example number: 169   MUE loss: 0.2378   label: -1.9197 	prediction: -2.1575
example number: 170   MUE loss: 1.0056   label: -3.3120 	prediction: -4.3176
example number: 171   MUE loss: 0.3122   label: -2.2633 	prediction: -2.5756
example number: 172   MUE loss: 0.0796   label: -4.9296 	prediction: -4.8500
example number: 173   MUE loss: 0.2760   label: -3.8690 	prediction: -3.5929
example number: 174   MUE loss: 1.5902   label: -5.8183 	prediction: -4.2281
example number: 175   MUE loss: 0.4127   label: -4.1060 	prediction: -3.6933
example number: 176   MUE loss: 1.8750   label: -3.8631 	prediction: -1.9881
example number: 177   MUE loss: 1.0225   label: -4.5267 	prediction: -3.5042
example number: 178   MUE loss: 0.2979   label: -4.3904 	prediction: -4.0925
example number: 179   MUE loss: 0.3725   label: -5.2851 	prediction: -4.9125
example number: 180   MUE loss: 0.4327   label: -3.1165 	prediction: -2.6838
example number: 181   MUE loss: 0.0856   label: -5.0303 	prediction: -5.1159
example number: 182   MUE loss: 0.6264   label: -7.0211 	prediction: -6.3947
example number: 183   MUE loss: 0.0207   label: -3.9934 	prediction: -3.9727
example number: 184   MUE loss: 0.2366   label: -2.3996 	prediction: -2.1630
example number: 185   MUE loss: 0.5932   label: -2.5240 	prediction: -3.1172
example number: 186   MUE loss: 0.1469   label: -3.8631 	prediction: -3.7162
example number: 187   MUE loss: 1.3650   label: -3.8808 	prediction: -2.5158
example number: 188   MUE loss: 1.5134   label: -3.7446 	prediction: -2.2312
example number: 189   MUE loss: 0.7183   label: -2.2515 	prediction: -1.5332
example number: 190   MUE loss: 0.2395   label: -1.2265 	prediction: -1.4660
example number: 191   MUE loss: 0.0921   label: -3.0217 	prediction: -2.9296
example number: 192   MUE loss: 0.4157   label: -3.8216 	prediction: -3.4059
example number: 193   MUE loss: 0.8508   label: -2.1922 	prediction: -1.3414
example number: 194   MUE loss: 1.0416   label: -3.6557 	prediction: -2.6141
example number: 195   MUE loss: 0.5597   label: -3.2172 	prediction: -3.7769
example number: 196   MUE loss: 1.3119   label: -4.3845 	prediction: -3.0726
example number: 197   MUE loss: 0.0459   label: -3.8394 	prediction: -3.7935
example number: 198   MUE loss: 0.2606   label: -3.8690 	prediction: -4.1296
example number: 199   MUE loss: 1.1291   label: -4.0408 	prediction: -2.9117
example number: 200   MUE loss: 1.2108   label: -3.7209 	prediction: -2.5101
example number: 201   MUE loss: 0.2623   label: -1.7893 	prediction: -1.5271
example number: 202   MUE loss: 1.2697   label: -3.1106 	prediction: -1.8409
example number: 203   MUE loss: 0.0237   label: -1.2146 	prediction: -1.1909
example number: 204   MUE loss: 1.3936   label: -1.9138 	prediction: -3.3074
example number: 205   MUE loss: 0.9898   label: -2.4707 	prediction: -3.4605
example number: 206   MUE loss: 0.9047   label: -3.8808 	prediction: -2.9762
example number: 207   MUE loss: 0.5880   label: -4.7992 	prediction: -4.2113
example number: 208   MUE loss: 0.3643   label: -3.7031 	prediction: -3.3388
example number: 209   MUE loss: 0.1200   label: -5.1962 	prediction: -5.0762
example number: 210   MUE loss: 1.2805   label: -5.2436 	prediction: -3.9631
example number: 211   MUE loss: 0.3257   label: -3.8097 	prediction: -4.1355
example number: 212   MUE loss: 0.9657   label: -2.7729 	prediction: -1.8071
example number: 213   MUE loss: 0.3269   label: -3.0928 	prediction: -3.4198
example number: 214   MUE loss: 0.6326   label: -3.1047 	prediction: -2.4721
example number: 215   MUE loss: 1.0402   label: -4.0882 	prediction: -3.0481
example number: 216   MUE loss: 0.0129   label: -4.2067 	prediction: -4.1938
example number: 217   MUE loss: 0.5885   label: -3.7090 	prediction: -3.1205
example number: 218   MUE loss: 0.0574   label: -2.9625 	prediction: -3.0199
example number: 219   MUE loss: 1.4325   label: -4.3015 	prediction: -2.8691
example number: 220   MUE loss: 0.6900   label: -5.2673 	prediction: -4.5772
example number: 221   MUE loss: 1.9888   label: -4.7992 	prediction: -2.8104
example number: 222   MUE loss: 0.8945   label: -4.1593 	prediction: -5.0539
example number: 223   MUE loss: 1.3236   label: -3.0632 	prediction: -1.7396
example number: 224   MUE loss: 0.2995   label: -3.0573 	prediction: -3.3567
example number: 225   MUE loss: 1.6819   label: -4.7400 	prediction: -3.0580
example number: 226   MUE loss: 0.2321   label: -2.0560 	prediction: -2.2881
example number: 227   MUE loss: 0.4673   label: -4.1001 	prediction: -4.5674
example number: 228   MUE loss: 0.6524   label: -3.0217 	prediction: -2.3694
example number: 229   MUE loss: 0.6243   label: -3.4661 	prediction: -4.0904
example number: 230   MUE loss: 2.4976   label: -5.6524 	prediction: -3.1548
example number: 231   MUE loss: 1.3077   label: -3.0869 	prediction: -4.3946
example number: 232   MUE loss: 0.2876   label: -2.5477 	prediction: -2.8353
example number: 233   MUE loss: 0.8194   label: -2.8558 	prediction: -3.6752
example number: 234   MUE loss: 0.0904   label: -2.7433 	prediction: -2.8337
example number: 235   MUE loss: 0.5507   label: -3.5964 	prediction: -3.0457
example number: 236   MUE loss: 0.2173   label: -4.4556 	prediction: -4.6728
example number: 237   MUE loss: 1.6075   label: -4.2245 	prediction: -2.6170
example number: 238   MUE loss: 0.0292   label: -3.5668 	prediction: -3.5376
example number: 239   MUE loss: 0.4684   label: -4.7755 	prediction: -4.3072
example number: 240   MUE loss: 0.2381   label: -4.0408 	prediction: -4.2789
example number: 241   MUE loss: 0.7357   label: -3.7979 	prediction: -4.5336
example number: 242   MUE loss: 2.7483   label: -3.7920 	prediction: -1.0437
example number: 243   MUE loss: 0.9176   label: -2.1922 	prediction: -3.1099
example number: 244   MUE loss: 1.5677   label: -4.3489 	prediction: -2.7812
example number: 245   MUE loss: 1.4826   label: -3.7386 	prediction: -2.2560
example number: 246   MUE loss: 2.0132   label: -3.7920 	prediction: -1.7787
example number: 247   MUE loss: 0.7980   label: -5.1073 	prediction: -4.3094
example number: 248   MUE loss: 0.1579   label: -3.3594 	prediction: -3.5173
example number: 249   MUE loss: 0.1996   label: -2.5833 	prediction: -2.7829
example number: 250   MUE loss: 0.0026   label: -3.6557 	prediction: -3.6531
example number: 251   MUE loss: 0.5735   label: -5.4391 	prediction: -4.8656
example number: 252   MUE loss: 2.5661   label: -6.6715 	prediction: -4.1054
example number: 253   MUE loss: 0.1637   label: -3.5609 	prediction: -3.3972
example number: 254   MUE loss: 0.1352   label: -1.5879 	prediction: -1.4527
example number: 255   MUE loss: 0.2097   label: -5.0481 	prediction: -4.8384
example number: 256   MUE loss: 0.3119   label: -4.1889 	prediction: -4.5009
example number: 257   MUE loss: 0.2756   label: -4.9651 	prediction: -4.6895
example number: 258   MUE loss: 0.0017   label: -2.6603 	prediction: -2.6586
example number: 259   MUE loss: 0.5875   label: -3.0928 	prediction: -3.6803
example number: 260   MUE loss: 0.6158   label: -2.8262 	prediction: -2.2104
example number: 261   MUE loss: 0.7706   label: -3.3298 	prediction: -2.5592
example number: 262   MUE loss: 0.3793   label: -2.8973 	prediction: -3.2766
example number: 263   MUE loss: 0.7551   label: -3.2113 	prediction: -2.4562
example number: 264   MUE loss: 1.1466   label: -4.7459 	prediction: -3.5993
example number: 265   MUE loss: 1.1915   label: -4.2008 	prediction: -3.0093
example number: 266   MUE loss: 1.9372   label: -5.3621 	prediction: -3.4249
example number: 267   MUE loss: 0.8864   label: -4.7400 	prediction: -3.8535
example number: 268   MUE loss: 3.9782   label: -5.8598 	prediction: -1.8815
example number: 269   MUE loss: 1.3129   label: -5.9664 	prediction: -4.6535
example number: 270   MUE loss: 0.2633   label: -4.9710 	prediction: -4.7078
example number: 271   MUE loss: 0.7508   label: -4.5385 	prediction: -3.7877
example number: 272   MUE loss: 0.2585   label: -2.1685 	prediction: -2.4270
example number: 273   MUE loss: 0.2358   label: -4.6333 	prediction: -4.3975
example number: 274   MUE loss: 0.4702   label: -3.8157 	prediction: -4.2858
example number: 275   MUE loss: 0.6019   label: -1.6412 	prediction: -2.2431
example number: 276   MUE loss: 0.0487   label: -4.2600 	prediction: -4.2113
example number: 277   MUE loss: 0.3159   label: -4.7400 	prediction: -4.4241
example number: 278   MUE loss: 2.6035   label: -2.7373 	prediction: -0.1338
example number: 279   MUE loss: 0.5468   label: -4.4437 	prediction: -3.8969
example number: 280   MUE loss: 1.9066   label: -3.1047 	prediction: -1.1981
example number: 281   MUE loss: 0.6676   label: -4.3726 	prediction: -3.7050
example number: 282   MUE loss: 0.7785   label: -1.3627 	prediction: -2.1413
example number: 283   MUE loss: 1.0885   label: -2.7196 	prediction: -3.8080
example number: 284   MUE loss: 0.2104   label: -3.2469 	prediction: -3.0364
example number: 285   MUE loss: 0.5955   label: -5.0244 	prediction: -4.4288
example number: 286   MUE loss: 0.0835   label: -4.8525 	prediction: -4.9361
example number: 287   MUE loss: 0.6442   label: -3.4779 	prediction: -2.8337
example number: 288   MUE loss: 0.9494   label: -6.2745 	prediction: -5.3251
example number: 289   MUE loss: 1.0006   label: -4.6926 	prediction: -3.6920
example number: 290   MUE loss: 0.3678   label: -2.7847 	prediction: -2.4170
example number: 291   MUE loss: 1.0221   label: -5.0481 	prediction: -6.0702
example number: 292   MUE loss: 1.6236   label: -3.3772 	prediction: -5.0008
example number: 293   MUE loss: 1.2889   label: -2.0856 	prediction: -3.3745
example number: 294   MUE loss: 2.9751   label: -4.5148 	prediction: -1.5397
example number: 295   MUE loss: 1.3947   label: -5.6524 	prediction: -4.2577
example number: 296   MUE loss: 0.8910   label: -4.5978 	prediction: -3.7067
example number: 297   MUE loss: 0.6777   label: -5.1547 	prediction: -4.4770
example number: 298   MUE loss: 1.2251   label: -2.9921 	prediction: -1.7670
example number: 299   MUE loss: 0.7505   label: -2.1330 	prediction: -1.3825
example number: 300   MUE loss: 0.5022   label: -3.5550 	prediction: -3.0528
example number: 301   MUE loss: 0.7614   label: -4.6037 	prediction: -3.8423
example number: 302   MUE loss: 2.2928   label: -4.7400 	prediction: -2.4472
example number: 303   MUE loss: 0.2789   label: -4.1001 	prediction: -4.3789
example number: 304   MUE loss: 1.3476   label: -2.0856 	prediction: -3.4332
example number: 305   MUE loss: 0.4335   label: -4.9770 	prediction: -4.5435
example number: 306   MUE loss: 0.5020   label: -3.3772 	prediction: -2.8752
example number: 307   MUE loss: 2.0637   label: -5.1547 	prediction: -3.0910
example number: 308   MUE loss: 0.3089   label: -1.4457 	prediction: -1.7546
example number: 309   MUE loss: 0.8381   label: -2.7966 	prediction: -3.6347
example number: 310   MUE loss: 0.7202   label: -3.5194 	prediction: -2.7993
example number: 311   MUE loss: 0.7164   label: -3.2113 	prediction: -3.9277
example number: 312   MUE loss: 0.5138   label: -2.7907 	prediction: -2.2769
example number: 313   MUE loss: 0.2941   label: -2.4233 	prediction: -2.7174
example number: 314   MUE loss: 1.5934   label: -6.0672 	prediction: -4.4738
example number: 315   MUE loss: 0.4699   label: -4.2067 	prediction: -3.7368
example number: 316   MUE loss: 1.6806   label: -6.0375 	prediction: -4.3569
example number: 317   MUE loss: 0.3078   label: -2.1330 	prediction: -1.8251
example number: 318   MUE loss: 0.2221   label: -4.0230 	prediction: -4.2451
example number: 319   MUE loss: 0.6878   label: -6.3397 	prediction: -5.6519
example number: 320   MUE loss: 0.4678   label: -5.4450 	prediction: -5.9129
example number: 321   MUE loss: 0.1680   label: -3.6261 	prediction: -3.7941
example number: 322   MUE loss: 0.0408   label: -3.0632 	prediction: -3.0224
example number: 323   MUE loss: 0.0601   label: -3.3594 	prediction: -3.4196
example number: 324   MUE loss: 0.2877   label: -2.3285 	prediction: -2.6162
example number: 325   MUE loss: 0.9960   label: -2.0145 	prediction: -1.0184
example number: 326   MUE loss: 0.4421   label: -3.1402 	prediction: -3.5823
example number: 327   MUE loss: 0.6106   label: -3.3594 	prediction: -3.9701
example number: 328   MUE loss: 0.1275   label: -2.8558 	prediction: -2.9833
example number: 329   MUE loss: 0.7883   label: -4.7400 	prediction: -5.5283
example number: 330   MUE loss: 0.9471   label: -5.3799 	prediction: -4.4328
example number: 331   MUE loss: 0.6180   label: -2.2337 	prediction: -1.6157
example number: 332   MUE loss: 0.3098   label: -1.4753 	prediction: -1.7851
example number: 333   MUE loss: 0.2711   label: -4.3252 	prediction: -4.0541
example number: 334   MUE loss: 0.8608   label: -3.1521 	prediction: -2.2912
example number: 335   MUE loss: 1.0836   label: -3.7327 	prediction: -2.6491
example number: 336   MUE loss: 0.4137   label: -4.7400 	prediction: -4.3262
example number: 337   MUE loss: 1.0190   label: -4.6748 	prediction: -3.6558
example number: 338   MUE loss: 0.0354   label: -3.5787 	prediction: -3.6141
example number: 339   MUE loss: 0.0606   label: -5.5695 	prediction: -5.5089
example number: 340   MUE loss: 1.5135   label: -5.4984 	prediction: -3.9848
example number: 341   MUE loss: 0.5489   label: -2.5596 	prediction: -2.0107
example number: 342   MUE loss: 0.0961   label: -2.7373 	prediction: -2.8335
example number: 343   MUE loss: 0.9649   label: -3.9045 	prediction: -4.8694
example number: 344   MUE loss: 0.8656   label: -1.9552 	prediction: -2.8209
example number: 345   MUE loss: 0.1425   label: -4.1475 	prediction: -4.0050
example number: 346   MUE loss: 0.6845   label: -2.8262 	prediction: -2.1417
example number: 347   MUE loss: 0.2785   label: -4.2245 	prediction: -3.9460
example number: 348   MUE loss: 1.9193   label: -4.7400 	prediction: -2.8206
example number: 349   MUE loss: 0.4298   label: -3.8631 	prediction: -4.2929
example number: 350   MUE loss: 0.7121   label: -4.1238 	prediction: -3.4117
example number: 351   MUE loss: 0.9314   label: -2.7136 	prediction: -1.7822
example number: 352   MUE loss: 0.9123   label: -3.9934 	prediction: -3.0812
example number: 353   MUE loss: 0.7648   label: -3.7327 	prediction: -2.9679
example number: 354   MUE loss: 0.0769   label: -2.6307 	prediction: -2.7076
example number: 355   MUE loss: 1.4530   label: -5.9842 	prediction: -4.5312
example number: 356   MUE loss: 0.7168   label: -2.7610 	prediction: -2.0442
example number: 357   MUE loss: 0.4732   label: -3.8631 	prediction: -3.3899
example number: 358   MUE loss: 0.5492   label: -3.1698 	prediction: -3.7191
example number: 359   MUE loss: 0.5178   label: -4.5148 	prediction: -3.9970
example number: 360   MUE loss: 1.2325   label: -4.0941 	prediction: -2.8616
example number: 361   MUE loss: 0.1346   label: -3.7564 	prediction: -3.8910
example number: 362   MUE loss: 1.2156   label: -4.4200 	prediction: -3.2044
example number: 363   MUE loss: 0.5321   label: -2.2811 	prediction: -2.8133
example number: 364   MUE loss: 0.0621   label: -4.7933 	prediction: -4.8554
example number: 365   MUE loss: 0.8336   label: -1.7123 	prediction: -2.5459
example number: 366   MUE loss: 0.0322   label: -2.7255 	prediction: -2.6933
example number: 367   MUE loss: 0.8937   label: -3.8986 	prediction: -3.0050
example number: 368   MUE loss: 0.0638   label: -5.1784 	prediction: -5.1147
example number: 369   MUE loss: 2.3924   label: -3.9519 	prediction: -1.5596
example number: 370   MUE loss: 0.3563   label: -4.9533 	prediction: -4.5970
example number: 371   MUE loss: 0.7143   label: -1.7538 	prediction: -2.4680
example number: 372   MUE loss: 0.4094   label: -3.5550 	prediction: -3.1456
example number: 373   MUE loss: 0.0667   label: -4.8111 	prediction: -4.7444
example number: 374   MUE loss: 0.6341   label: -5.6583 	prediction: -5.0243
example number: 375   MUE loss: 0.9881   label: -3.3357 	prediction: -2.3476
example number: 376   MUE loss: 0.0033   label: -4.7163 	prediction: -4.7195
example number: 377   MUE loss: 0.3072   label: -3.5076 	prediction: -3.2004
example number: 378   MUE loss: 0.2299   label: -3.8808 	prediction: -3.6509
example number: 379   MUE loss: 1.3097   label: -3.5905 	prediction: -2.2808
example number: 380   MUE loss: 1.2233   label: -3.2232 	prediction: -1.9999
example number: 381   MUE loss: 0.3141   label: -2.4826 	prediction: -2.7967
example number: 382   MUE loss: 0.0912   label: -3.8097 	prediction: -3.7186
example number: 383   MUE loss: 0.5480   label: -3.9045 	prediction: -3.3565
example number: 384   MUE loss: 1.8959   label: -4.5267 	prediction: -2.6308
example number: 385   MUE loss: 0.6188   label: -3.4128 	prediction: -2.7940
example number: 386   MUE loss: 1.2137   label: -5.7176 	prediction: -4.5039
example number: 387   MUE loss: 1.5767   label: -4.7518 	prediction: -3.1751
example number: 388   MUE loss: 0.0002   label: -3.2706 	prediction: -3.2703
example number: 389   MUE loss: 1.0230   label: -5.4924 	prediction: -4.4694
example number: 390   MUE loss: 0.3242   label: -2.7196 	prediction: -3.0438
example number: 391   MUE loss: 0.8450   label: -3.7327 	prediction: -2.8877
example number: 392   MUE loss: 2.0556   label: -4.9888 	prediction: -2.9332
example number: 393   MUE loss: 1.5834   label: -2.3463 	prediction: -3.9296
example number: 394   MUE loss: 0.4713   label: -4.0941 	prediction: -4.5654
example number: 395   MUE loss: 0.7106   label: -4.7400 	prediction: -4.0294
example number: 396   MUE loss: 0.1491   label: -1.8486 	prediction: -1.9976
example number: 397   MUE loss: 0.1620   label: -2.6722 	prediction: -2.8341
example number: 398   MUE loss: 0.4025   label: -2.9032 	prediction: -2.5008
example number: 399   MUE loss: 0.7481   label: -3.6142 	prediction: -2.8661
example number: 400   MUE loss: 1.1257   label: -2.6899 	prediction: -1.5643
example number: 401   MUE loss: 0.9577   label: -5.7591 	prediction: -4.8013
example number: 402   MUE loss: 1.0346   label: -5.3917 	prediction: -4.3571
example number: 403   MUE loss: 0.5347   label: -2.6248 	prediction: -3.1594
example number: 404   MUE loss: 0.6910   label: -2.7847 	prediction: -2.0937
example number: 405   MUE loss: 2.1752   label: -5.1547 	prediction: -2.9795
example number: 406   MUE loss: 0.4398   label: -4.4733 	prediction: -4.9132
example number: 407   MUE loss: 0.8206   label: -6.3515 	prediction: -5.5309
example number: 408   MUE loss: 0.5487   label: -3.9697 	prediction: -3.4210
example number: 409   MUE loss: 0.1613   label: -2.3463 	prediction: -2.1850
example number: 410   MUE loss: 0.9105   label: -6.2330 	prediction: -5.3225
example number: 411   MUE loss: 0.3682   label: -4.6215 	prediction: -4.2533
example number: 412   MUE loss: 1.3485   label: -3.9579 	prediction: -2.6094
example number: 413   MUE loss: 0.7383   label: -4.2719 	prediction: -3.5336
example number: 414   MUE loss: 0.2072   label: -2.6070 	prediction: -2.8142
example number: 415   MUE loss: 1.1518   label: -5.4213 	prediction: -4.2695
example number: 416   MUE loss: 0.4326   label: -4.4200 	prediction: -3.9874
example number: 417   MUE loss: 0.2656   label: -2.6662 	prediction: -2.4007
example number: 418   MUE loss: 0.1939   label: -4.2600 	prediction: -4.4539
example number: 419   MUE loss: 0.3366   label: -4.5741 	prediction: -4.2375
example number: 420   MUE loss: 1.5092   label: -5.5221 	prediction: -4.0128
example number: 421   MUE loss: 0.2270   label: -2.6781 	prediction: -2.4511
example number: 422   MUE loss: 0.6516   label: -2.8084 	prediction: -3.4600
example number: 423   MUE loss: 1.0248   label: -2.5951 	prediction: -3.6199
example number: 424   MUE loss: 0.0856   label: -2.8558 	prediction: -2.9415
example number: 425   MUE loss: 1.8495   label: -4.2017-07-27 10:00:48.312489: I tensorflow/core/common_runtime/gpu/pool_allocator.cc:247] PoolAllocator: After 10009 get requests, put_count=9999 evicted_count=1000 eviction_rate=0.10001 and unsatisfied allocation rate=0.1109
2017-07-27 10:00:48.312548: I tensorflow/core/common_runtime/gpu/pool_allocator.cc:259] Raising pool_size_limit_ from 100 to 110
6511 	prediction: -2.8016
example number: 426   MUE loss: 0.8875   label: -4.0704 	prediction: -3.1830
example number: 427   MUE loss: 0.2815   label: -4.6333 	prediction: -4.9148
example number: 428   MUE loss: 2.6641   label: -5.1547 	prediction: -2.4907
example number: 429   MUE loss: 0.4780   label: -5.4628 	prediction: -4.9849
example number: 430   MUE loss: 0.3016   label: -2.2930 	prediction: -2.5946
example number: 431   MUE loss: 0.0351   label: -2.4589 	prediction: -2.4238
example number: 432   MUE loss: 0.9758   label: -1.9078 	prediction: -2.8836
example number: 433   MUE loss: 0.7683   label: -3.4128 	prediction: -2.6445
example number: 434   MUE loss: 0.2796   label: -5.4213 	prediction: -5.1417
example number: 435   MUE loss: 0.0919   label: -2.8677 	prediction: -2.7757
example number: 436   MUE loss: 0.7962   label: -5.6406 	prediction: -4.8443
example number: 437   MUE loss: 0.3194   label: -5.4628 	prediction: -5.1434
example number: 438   MUE loss: 0.5535   label: -2.9625 	prediction: -3.5159
example number: 439   MUE loss: 1.0344   label: -3.0454 	prediction: -2.0110
example number: 440   MUE loss: 0.1332   label: -3.0928 	prediction: -3.2261
example number: 441   MUE loss: 0.9892   label: -3.9105 	prediction: -2.9213
example number: 442   MUE loss: 0.6358   label: -3.5905 	prediction: -2.9547
example number: 443   MUE loss: 1.5328   label: -4.9947 	prediction: -3.4620
example number: 444   MUE loss: 1.0547   label: -3.1995 	prediction: -2.1447
example number: 445   MUE loss: 0.8179   label: -2.9921 	prediction: -2.1742
example number: 446   MUE loss: 0.6822   label: -4.3252 	prediction: -3.6430
example number: 447   MUE loss: 0.1342   label: -1.7775 	prediction: -1.6433
example number: 448   MUE loss: 0.0619   label: -3.4839 	prediction: -3.5457
example number: 449   MUE loss: 0.3965   label: -3.5076 	prediction: -3.1111
example number: 450   MUE loss: 0.6730   label: -3.5490 	prediction: -2.8760
example number: 451   MUE loss: 1.1780   label: -6.4108 	prediction: -5.2328
example number: 452   MUE loss: 0.9904   label: -1.1850 	prediction: -2.1754
example number: 453   MUE loss: 0.3391   label: -3.4898 	prediction: -3.1507
example number: 454   MUE loss: 0.7959   label: -3.8927 	prediction: -4.6886
example number: 455   MUE loss: 0.0821   label: -1.9019 	prediction: -1.9840
example number: 456   MUE loss: 0.7314   label: -4.8288 	prediction: -4.0974
example number: 457   MUE loss: 0.3362   label: -3.8749 	prediction: -3.5387
example number: 458   MUE loss: 1.0108   label: -3.5846 	prediction: -2.5738
example number: 459   MUE loss: 1.9391   label: -3.5964 	prediction: -1.6573
example number: 460   MUE loss: 0.5721   label: -4.5681 	prediction: -3.9960
example number: 461   MUE loss: 0.4694   label: -2.4352 	prediction: -2.9045
example number: 462   MUE loss: 1.1645   label: -4.3252 	prediction: -3.1607
example number: 463   MUE loss: 0.9561   label: -5.7117 	prediction: -4.7555
example number: 464   MUE loss: 1.4061   label: -3.9105 	prediction: -2.5044
example number: 465   MUE loss: 0.4974   label: -3.0217 	prediction: -2.5243
example number: 466   MUE loss: 0.2150   label: -3.9875 	prediction: -3.7725
example number: 467   MUE loss: 0.5230   label: -4.5030 	prediction: -5.0260
example number: 468   MUE loss: 0.7072   label: -3.4898 	prediction: -2.7826
example number: 469   MUE loss: 2.0327   label: -4.1771 	prediction: -2.1444
example number: 470   MUE loss: 0.5570   label: -3.9993 	prediction: -3.4424
example number: 471   MUE loss: 1.0424   label: -2.6248 	prediction: -1.5823
example number: 472   MUE loss: 0.8036   label: -4.6511 	prediction: -3.8475
example number: 473   MUE loss: 1.0335   label: -6.2330 	prediction: -5.1995
example number: 474   MUE loss: 0.3370   label: -3.0928 	prediction: -2.7559
example number: 475   MUE loss: 1.0131   label: -2.0026 	prediction: -3.0157
example number: 476   MUE loss: 1.3491   label: -4.3667 	prediction: -3.0176
example number: 477   MUE loss: 0.2776   label: -2.5477 	prediction: -2.8253
example number: 478   MUE loss: 0.1846   label: -3.6438 	prediction: -3.4593
example number: 479   MUE loss: 0.2973   label: -4.3015 	prediction: -4.0043
example number: 480   MUE loss: 0.1519   label: -3.9223 	prediction: -4.0742
example number: 481   MUE loss: 1.7053   label: -5.4095 	prediction: -3.7042
example number: 482   MUE loss: 1.2433   label: -4.6333 	prediction: -3.3900
example number: 483   MUE loss: 1.1202   label: -3.2350 	prediction: -2.1148
example number: 484   MUE loss: 1.0375   label: -3.2054 	prediction: -2.1679
example number: 485   MUE loss: 0.8727   label: -4.2778 	prediction: -3.4051
example number: 486   MUE loss: 0.5008   label: -5.3858 	prediction: -4.8850
example number: 487   MUE loss: 0.2322   label: -3.5431 	prediction: -3.3110
example number: 488   MUE loss: 2.2151   label: -4.5859 	prediction: -2.3708
example number: 489   MUE loss: 0.8721   label: -4.2600 	prediction: -3.3880
example number: 490   MUE loss: 0.0179   label: -4.5978 	prediction: -4.6157
example number: 491   MUE loss: 0.7939   label: -3.3417 	prediction: -4.1355
example number: 492   MUE loss: 2.0349   label: -4.0586 	prediction: -2.0237
example number: 493   MUE loss: 0.5194   label: -4.7992 	prediction: -4.2798
example number: 494   MUE loss: 0.6076   label: -4.9059 	prediction: -4.2982
example number: 495   MUE loss: 0.0028   label: -1.9256 	prediction: -1.9228
example number: 496   MUE loss: 0.1806   label: -2.9980 	prediction: -2.8174
example number: 497   MUE loss: 1.4074   label: -2.3226 	prediction: -0.9152
example number: 498   MUE loss: 0.5611   label: -2.7907 	prediction: -2.2296
example number: 499   MUE loss: 1.5893   label: -5.6228 	prediction: -4.0335
example number: 500   MUE loss: 0.1001   label: -3.6083 	prediction: -3.7084
example number: 501   MUE loss: 1.1201   label: -3.8808 	prediction: -2.7607
example number: 502   MUE loss: 1.6207   label: -3.2469 	prediction: -1.6262
example number: 503   MUE loss: 0.4594   label: -5.4984 	prediction: -5.0389
example number: 504   MUE loss: 0.7479   label: -3.7920 	prediction: -3.0441
example number: 505   MUE loss: 0.4810   label: -1.6886 	prediction: -2.1696
example number: 506   MUE loss: 0.6047   label: -4.6215 	prediction: -4.0168
example number: 507   MUE loss: 0.8710   label: -3.9045 	prediction: -3.0336
example number: 508   MUE loss: 0.1876   label: -3.7564 	prediction: -3.5689
example number: 509   MUE loss: 0.8395   label: -6.6952 	prediction: -5.8557
example number: 510   MUE loss: 0.5372   label: -6.2627 	prediction: -5.7255
example number: 511   MUE loss: 0.4255   label: -3.1402 	prediction: -2.7147
example number: 512   MUE loss: 1.1019   label: -3.9697 	prediction: -2.8679
example number: 513   MUE loss: 0.2042   label: -5.1547 	prediction: -4.9505
example number: 514   MUE loss: 0.5330   label: -4.3904 	prediction: -4.9233
example number: 515   MUE loss: 0.2114   label: -2.1804 	prediction: -2.3918
example number: 516   MUE loss: 0.8910   label: -2.8084 	prediction: -1.9175
example number: 517   MUE loss: 0.3827   label: -2.1271 	prediction: -1.7443
example number: 518   MUE loss: 0.0816   label: -4.9888 	prediction: -5.0704
example number: 519   MUE loss: 0.4334   label: -3.3772 	prediction: -3.8106
example number: 520   MUE loss: 0.8414   label: -3.2469 	prediction: -2.4054
example number: 521   MUE loss: 0.6986   label: -2.9862 	prediction: -2.2875
example number: 522   MUE loss: 0.3436   label: -5.7472 	prediction: -5.4036
example number: 523   MUE loss: 1.3950   label: -4.7400 	prediction: -3.3449
example number: 524   MUE loss: 0.0637   label: -2.8084 	prediction: -2.7447
example number: 525   MUE loss: 0.7515   label: -2.8914 	prediction: -3.6429
example number: 526   MUE loss: 1.3115   label: -4.7163 	prediction: -6.0278
example number: 527   MUE loss: 0.0702   label: -3.0277 	prediction: -3.0979
example number: 528   MUE loss: 0.7476   label: -3.9934 	prediction: -4.7410
example number: 529   MUE loss: 0.6542   label: -4.4200 	prediction: -3.7659
example number: 530   MUE loss: 0.2130   label: -4.3311 	prediction: -4.1181
example number: 531   MUE loss: 0.2962   label: -3.8038 	prediction: -3.5076
example number: 532   MUE loss: 1.4796   label: -5.0481 	prediction: -3.5685
example number: 533   MUE loss: 0.1372   label: -4.7696 	prediction: -4.9068
example number: 534   MUE loss: 0.0937   label: -5.6050 	prediction: -5.6987
example number: 535   MUE loss: 0.4974   label: -4.0408 	prediction: -3.5434
example number: 536   MUE loss: 0.3268   label: -4.2363 	prediction: -4.5632
example number: 537   MUE loss: 0.9691   label: -3.3772 	prediction: -2.4081
example number: 538   MUE loss: 0.0764   label: -3.8927 	prediction: -3.9691
example number: 539   MUE loss: 1.5976   label: -3.5905 	prediction: -1.9930
example number: 540   MUE loss: 0.2421   label: -2.7788 	prediction: -2.5367
example number: 541   MUE loss: 0.2957   label: -2.6662 	prediction: -2.9619
example number: 542   MUE loss: 1.4647   label: -4.7103 	prediction: -3.2457
example number: 543   MUE loss: 0.6504   label: -2.3107 	prediction: -2.9611
example number: 544   MUE loss: 0.0251   label: -4.5622 	prediction: -4.5873
example number: 545   MUE loss: 2.0584   label: -3.5550 	prediction: -1.4966
example number: 546   MUE loss: 0.1978   label: -4.6511 	prediction: -4.8488
example number: 547   MUE loss: 0.7157   label: -2.8736 	prediction: -2.1579
example number: 548   MUE loss: 1.3404   label: -5.7472 	prediction: -4.4068
example number: 549   MUE loss: 0.1914   label: -1.4042 	prediction: -1.2128
example number: 550   MUE loss: 0.0045   label: -3.3002 	prediction: -3.2957
example number: 551   MUE loss: 0.1219   label: -1.7538 	prediction: -1.8757
example number: 552   MUE loss: 0.7456   label: -5.7887 	prediction: -5.0430
example number: 553   MUE loss: 0.7303   label: -4.2956 	prediction: -3.5653
example number: 554   MUE loss: 1.1196   label: -4.4674 	prediction: -3.3478
example number: 555   MUE loss: 1.5138   label: -5.6346 	prediction: -4.1208
example number: 556   MUE loss: 0.6780   label: -3.1047 	prediction: -2.4267
example number: 557   MUE loss: 0.0345   label: -4.6096 	prediction: -4.6441
example number: 558   MUE loss: 0.9382   label: -4.3963 	prediction: -5.3345
example number: 559   MUE loss: 0.5511   label: -3.0514 	prediction: -2.5002
example number: 560   MUE loss: 1.4507   label: -4.1475 	prediction: -2.6967
example number: 561   MUE loss: 1.3573   label: -4.2186 	prediction: -2.8613
example number: 562   MUE loss: 0.6009   label: -2.7847 	prediction: -2.1838
example number: 563   MUE loss: 1.0319   label: -3.9579 	prediction: -2.9260
example number: 564   MUE loss: 0.8471   label: -3.4661 	prediction: -2.6190
example number: 565   MUE loss: 0.0530   label: -2.8736 	prediction: -2.8206
example number: 566   MUE loss: 0.7106   label: -2.2811 	prediction: -1.5705
example number: 567   MUE loss: 0.1473   label: -4.2126 	prediction: -4.3599
example number: 568   MUE loss: 0.5922   label: -3.7386 	prediction: -3.1464
example number: 569   MUE loss: 0.0954   label: -2.6070 	prediction: -2.5116
example number: 570   MUE loss: 0.4346   label: -4.3134 	prediction: -3.8787
example number: 571   MUE loss: 0.7113   label: -3.4009 	prediction: -4.1123
example number: 572   MUE loss: 0.9258   label: -4.5030 	prediction: -3.5771
example number: 573   MUE loss: 2.3232   label: -3.5727 	prediction: -1.2496
example number: 574   MUE loss: 0.2289   label: -2.8558 	prediction: -3.0847
example number: 575   MUE loss: 0.3285   label: -4.9533 	prediction: -4.6248
example number: 576   MUE loss: 0.1148   label: -1.7953 	prediction: -1.6804
example number: 577   MUE loss: 0.2783   label: -4.9829 	prediction: -5.2612
example number: 578   MUE loss: 0.1219   label: -3.5905 	prediction: -3.4687
example number: 579   MUE loss: 1.2764   label: -5.6702 	prediction: -4.3938
example number: 580   MUE loss: 0.1317   label: -4.0645 	prediction: -4.1962
example number: 581   MUE loss: 0.4119   label: -3.1284 	prediction: -2.7165
example number: 582   MUE loss: 1.7090   label: -3.7268 	prediction: -2.0178
example number: 583   MUE loss: 0.1228   label: -4.0408 	prediction: -4.1637
example number: 584   MUE loss: 0.8089   label: -2.0145 	prediction: -2.8234
example number: 585   MUE loss: 0.1820   label: -3.3298 	prediction: -3.1478
example number: 586   MUE loss: 0.6571   label: -2.9388 	prediction: -2.2817
example number: 587   MUE loss: 1.2713   label: -6.4523 	prediction: -5.1809
example number: 588   MUE loss: 0.7695   label: -4.1889 	prediction: -3.4194
example number: 589   MUE loss: 0.1440   label: -4.6037 	prediction: -4.7477
example number: 590   MUE loss: 0.1329   label: -5.1547 	prediction: -5.2876
example number: 591   MUE loss: 0.1909   label: -3.0751 	prediction: -3.2659
example number: 592   MUE loss: 1.5759   label: -3.7742 	prediction: -2.1983
example number: 593   MUE loss: 0.2501   label: -4.7163 	prediction: -4.4661
example number: 594   MUE loss: 2.0303   label: -6.3397 	prediction: -4.3094
example number: 595   MUE loss: 0.4224   label: -4.9770 	prediction: -5.3993
example number: 596   MUE loss: 0.7942   label: -3.5846 	prediction: -2.7904
example number: 597   MUE loss: 0.7230   label: -2.5477 	prediction: -1.8247
example number: 598   MUE loss: 0.0897   label: -4.6511 	prediction: -4.5614
example number: 599   MUE loss: 0.2754   label: -2.9151 	prediction: -2.6396
example number: 600   MUE loss: 0.2934   label: -1.6708 	prediction: -1.9642
example number: 601   MUE loss: 0.7477   label: -3.9223 	prediction: -4.6700
example number: 602   MUE loss: 0.5208   label: -2.6248 	prediction: -2.1039
example number: 603   MUE loss: 1.5266   label: -4.0823 	prediction: -2.5557
example number: 604   MUE loss: 0.1177   label: -4.3252 	prediction: -4.4429
example number: 605   MUE loss: 0.5174   label: -6.8255 	prediction: -6.3082
example number: 606   MUE loss: 0.3516   label: -2.9921 	prediction: -3.3437
example number: 607   MUE loss: 0.7423   label: -3.0217 	prediction: -3.7640
example number: 608   MUE loss: 0.2900   label: -4.3430 	prediction: -4.0530
example number: 609   MUE loss: 1.7500   label: -6.2508 	prediction: -4.5008
example number: 610   MUE loss: 0.3131   label: -3.1935 	prediction: -3.5066
example number: 611   MUE loss: 0.8407   label: -2.1685 	prediction: -3.0092
example number: 612   MUE loss: 0.6066   label: -4.1356 	prediction: -3.5290
example number: 613   MUE loss: 0.4608   label: -1.7123 	prediction: -2.1731
example number: 614   MUE loss: 0.2019   label: -1.4872 	prediction: -1.2852
example number: 615   MUE loss: 0.3095   label: -5.8065 	prediction: -5.4969
example number: 616   MUE loss: 0.0706   label: -2.1211 	prediction: -2.0505
example number: 617   MUE loss: 1.1783   label: -3.1461 	prediction: -1.9678
example number: 618   MUE loss: 0.5780   label: -2.7847 	prediction: -2.2067
example number: 619   MUE loss: 0.2158   label: -2.7729 	prediction: -2.5571
example number: 620   MUE loss: 0.1255   label: -3.4483 	prediction: -3.3228
example number: 621   MUE loss: 0.0536   label: -3.4424 	prediction: -3.3888
example number: 622   MUE loss: 0.7159   label: -4.2660 	prediction: -3.5500
example number: 623   MUE loss: 0.4593   label: -3.3417 	prediction: -2.8824
example number: 624   MUE loss: 0.6316   label: -3.6972 	prediction: -3.0656
example number: 625   MUE loss: 0.8235   label: -3.7920 	prediction: -2.9684
example number: 626   MUE loss: 0.3639   label: -4.6926 	prediction: -4.3287
example number: 627   MUE loss: 0.7496   label: -4.6037 	prediction: -5.3533
example number: 628   MUE loss: 1.0157   label: -4.6333 	prediction: -3.6176
example number: 629   MUE loss: 0.7397   label: -3.7327 	prediction: -2.9930
example number: 630   MUE loss: 0.3201   label: -2.5122 	prediction: -2.8323
example number: 631   MUE loss: 0.0722   label: -2.4411 	prediction: -2.3689
example number: 632   MUE loss: 1.3113   label: -4.3785 	prediction: -3.0673
example number: 633   MUE loss: 1.0840   label: -3.2232 	prediction: -2.1392
example number: 634   MUE loss: 1.7512   label: -4.4200 	prediction: -2.6688
example number: 635   MUE loss: 0.6149   label: -4.5207 	prediction: -3.9058
example number: 636   MUE loss: 1.5330   label: -2.6959 	prediction: -1.1629
example number: 637   MUE loss: 1.4522   label: -4.1415 	prediction: -5.5937
example number: 638   MUE loss: 0.1925   label: -2.4233 	prediction: -2.6158
example number: 639   MUE loss: 0.6594   label: -3.6557 	prediction: -2.9963
example number: 640   MUE loss: 1.3122   label: -4.8703 	prediction: -3.5581
example number: 641   MUE loss: 0.6030   label: -3.1461 	prediction: -3.7492
example number: 642   MUE loss: 0.5893   label: -2.5003 	prediction: -1.9110
example number: 643   MUE loss: 1.8134   label: -4.2600 	prediction: -2.4466
example number: 644   MUE loss: 0.7864   label: -3.7446 	prediction: -2.9582
example number: 645   MUE loss: 0.1769   label: -5.2140 	prediction: -5.0370
example number: 646   MUE loss: 0.0990   label: -3.8631 	prediction: -3.9620
example number: 647   MUE loss: 0.9802   label: -2.6070 	prediction: -3.5872
example number: 648   MUE loss: 0.5284   label: -2.7729 	prediction: -2.2445
example number: 649   MUE loss: 0.9342   label: -4.0053 	prediction: -3.0711
example number: 650   MUE loss: 0.2933   label: -1.6294 	prediction: -1.9227
example number: 651   MUE loss: 0.8234   label: -4.7400 	prediction: -3.9166
example number: 652   MUE loss: 0.6511   label: -4.0290 	prediction: -3.3778
example number: 653   MUE loss: 0.1907   label: -3.4068 	prediction: -3.2162
example number: 654   MUE loss: 2.3126   label: -3.5550 	prediction: -1.2424
example number: 655   MUE loss: 1.3619   label: -3.8749 	prediction: -2.5130
example number: 656   MUE loss: 0.1957   label: -2.8440 	prediction: -2.6483
example number: 657   MUE loss: 0.7790   label: -4.7400 	prediction: -3.9609
example number: 658   MUE loss: 0.3464   label: -5.5695 	prediction: -5.2230
example number: 659   MUE loss: 0.6361   label: -4.1889 	prediction: -3.5528
example number: 660   MUE loss: 0.1189   label: -2.6603 	prediction: -2.5414
example number: 661   MUE loss: 0.0158   label: -2.0678 	prediction: -2.0836
example number: 662   MUE loss: 0.1125   label: -4.5030 	prediction: -4.3905
example number: 663   MUE loss: 2.4097   label: -5.1547 	prediction: -2.7450
example number: 664   MUE loss: 0.1584   label: -3.8868 	prediction: -4.0451
example number: 665   MUE loss: 0.3834   label: -3.1343 	prediction: -2.7509
example number: 666   MUE loss: 0.8928   label: -5.1547 	prediction: -4.2619
example number: 667   MUE loss: 1.0081   label: -2.8736 	prediction: -1.8655
example number: 668   MUE loss: 1.1258   label: -3.3417 	prediction: -2.2159
example number: 669   MUE loss: 0.0847   label: -2.9921 	prediction: -3.0768
example number: 670   MUE loss: 0.7223   label: -4.0408 	prediction: -4.7631
example number: 671   MUE loss: 0.7026   label: -4.2482 	prediction: -4.9508
example number: 672   MUE loss: 0.7774   label: -4.5148 	prediction: -3.7374
example number: 673   MUE loss: 0.5628   label: -5.3088 	prediction: -4.7459
example number: 674   MUE loss: 0.4356   label: -4.0586 	prediction: -4.4942
example number: 675   MUE loss: 1.3431   label: -4.6037 	prediction: -3.2606
example number: 676   MUE loss: 0.8793   label: -1.8249 	prediction: -2.7041
example number: 677   MUE loss: 3.2270   label: -5.4984 	prediction: -2.2714
example number: 678   MUE loss: 2.6014   label: -5.9250 	prediction: -3.3236
example number: 679   MUE loss: 0.2594   label: -1.5227 	prediction: -1.7821
example number: 680   MUE loss: 1.2824   label: -4.1001 	prediction: -2.8177
example number: 681   MUE loss: 1.1158   label: -3.5076 	prediction: -4.6234
example number: 682   MUE loss: 0.7078   label: -4.5859 	prediction: -5.2937
example number: 683   MUE loss: 0.8060   label: -2.8381 	prediction: -2.0321
example number: 684   MUE loss: 0.2200   label: -3.2528 	prediction: -3.4728
example number: 685   MUE loss: 1.0569   label: -4.0764 	prediction: -3.0195
example number: 686   MUE loss: 0.3157   label: -1.6590 	prediction: -1.9746
example number: 687   MUE loss: 0.9365   label: -2.3996 	prediction: -1.4631
example number: 688   MUE loss: 0.3287   label: -5.3562 	prediction: -5.0274
example number: 689   MUE loss: 0.3736   label: -4.4970 	prediction: -4.8706
example number: 690   MUE loss: 0.2079   label: -5.0244 	prediction: -5.2322
example number: 691   MUE loss: 1.0327   label: -4.1001 	prediction: -3.0674
example number: 692   MUE loss: 0.1578   label: -3.1106 	prediction: -2.9528
example number: 693   MUE loss: 0.4767   label: -2.6425 	prediction: -2.1659
example number: 694   MUE loss: 0.9788   label: -5.3325 	prediction: -4.3537
example number: 695   MUE loss: 1.3310   label: -6.7248 	prediction: -5.3938
example number: 696   MUE loss: 0.0544   label: -3.9816 	prediction: -4.0359
example number: 697   MUE loss: 0.0058   label: -3.1935 	prediction: -3.1877
example number: 698   MUE loss: 0.8654   label: -3.5550 	prediction: -2.6896
example number: 699   MUE loss: 1.5373   label: -5.2258 	prediction: -3.6885
example number: 700   MUE loss: 0.5275   label: -4.2067 	prediction: -3.6793
example number: 701   MUE loss: 1.3255   label: -5.0303 	prediction: -3.7048
example number: 702   MUE loss: 0.9958   label: -3.7031 	prediction: -2.7073
example number: 703   MUE loss: 1.6316   label: -2.7966 	prediction: -1.1650
example number: 704   MUE loss: 0.2861   label: -2.9151 	prediction: -2.6290
example number: 705   MUE loss: 0.5442   label: -4.0823 	prediction: -3.5381
example number: 706   MUE loss: 0.3638   label: -3.9697 	prediction: -3.6059
example number: 707   MUE loss: 1.5701   label: -4.5859 	prediction: -3.0158
example number: 708   MUE loss: 1.4464   label: -6.1027 	prediction: -4.6563
example number: 709   MUE loss: 0.6045   label: -4.8999 	prediction: -4.2954
example number: 710   MUE loss: 0.1622   label: -2.4826 	prediction: -2.3203
example number: 711   MUE loss: 0.4032   label: -2.2041 	prediction: -1.8009
example number: 712   MUE loss: 0.9536   label: -5.7117 	prediction: -4.7581
example number: 713   MUE loss: 1.1838   label: -4.8288 	prediction: -3.6451
example number: 714   MUE loss: 0.2473   label: -1.3568 	prediction: -1.1096
example number: 715   MUE loss: 0.9973   label: -2.5774 	prediction: -1.5801
example number: 716   MUE loss: 0.4660   label: -3.5372 	prediction: -3.0712
example number: 717   MUE loss: 0.0923   label: -4.5504 	prediction: -4.6427
example number: 718   MUE loss: 0.8706   label: -5.5813 	prediction: -4.7107
example number: 719   MUE loss: 0.2211   label: -3.6142 	prediction: -3.3931
example number: 720   MUE loss: 0.5762   label: -3.6261 	prediction: -3.0499
example number: 721   MUE loss: 2.8240   label: -6.7663 	prediction: -3.9423
example number: 722   MUE loss: 1.0010   label: -2.8440 	prediction: -1.8429
example number: 723   MUE loss: 2.3447   label: -5.8183 	prediction: -3.4736
example number: 724   MUE loss: 0.3491   label: -3.5313 	prediction: -3.1822
example number: 725   MUE loss: 0.8575   label: -1.2857 	prediction: -2.1432
example number: 726   MUE loss: 0.5648   label: -2.2870 	prediction: -1.7222
example number: 727   MUE loss: 0.5648   label: -2.9388 	prediction: -2.3740
example number: 728   MUE loss: 1.0687   label: -3.8749 	prediction: -2.8062
example number: 729   MUE loss: 0.0055   label: -4.6037 	prediction: -4.5982
example number: 730   MUE loss: 0.4332   label: -2.6485 	prediction: -3.0816
example number: 731   MUE loss: 0.0050   label: -2.3226 	prediction: -2.3176
example number: 732   MUE loss: 1.0710   label: -4.9473 	prediction: -6.0183
example number: 733   MUE loss: 0.7763   label: -4.6392 	prediction: -3.8630
example number: 734   MUE loss: 0.0904   label: -5.5102 	prediction: -5.6006
example number: 735   MUE loss: 0.1124   label: -4.1475 	prediction: -4.2598
example number: 736   MUE loss: 0.2937   label: -2.4766 	prediction: -2.7703
example number: 737   MUE loss: 0.5828   label: -2.6781 	prediction: -2.0953
example number: 738   MUE loss: 2.6929   label: -5.2673 	prediction: -2.5744
example number: 739   MUE loss: 0.9540   label: -5.2140 	prediction: -4.2600
example number: 740   MUE loss: 0.2357   label: -4.0586 	prediction: -3.8229
example number: 741   MUE loss: 0.2290   label: -3.7860 	prediction: -4.0151
Average mean unsigned error: 0.7436
All done
