2017-07-27 09:46:08.084727: W tensorflow/core/platform/cpu_feature_guard.cc:45] The TensorFlow library wasn't compiled to use SSE4.1 instructions, but these are available on your machine and could speed up CPU computations.
2017-07-27 09:46:08.084773: W tensorflow/core/platform/cpu_feature_guard.cc:45] The TensorFlow library wasn't compiled to use SSE4.2 instructions, but these are available on your machine and could speed up CPU computations.
2017-07-27 09:46:08.084783: W tensorflow/core/platform/cpu_feature_guard.cc:45] The TensorFlow library wasn't compiled to use AVX instructions, but these are available on your machine and could speed up CPU computations.
2017-07-27 09:46:08.084792: W tensorflow/core/platform/cpu_feature_guard.cc:45] The TensorFlow library wasn't compiled to use AVX2 instructions, but these are available on your machine and could speed up CPU computations.
2017-07-27 09:46:08.084802: W tensorflow/core/platform/cpu_feature_guard.cc:45] The TensorFlow library wasn't compiled to use FMA instructions, but these are available on your machine and could speed up CPU computations.
2017-07-27 09:46:08.623980: I tensorflow/core/common_runtime/gpu/gpu_device.cc:940] Found device 0 with properties: 
name: GeForce GTX 1080
major: 6 minor: 1 memoryClockRate (GHz) 1.7335
pciBusID 0000:08:00.0
Total memory: 7.92GiB
Free memory: 7.81GiB
2017-07-27 09:46:08.624047: I tensorflow/core/common_runtime/gpu/gpu_device.cc:961] DMA: 0 
2017-07-27 09:46:08.624059: I tensorflow/core/common_runtime/gpu/gpu_device.cc:971] 0:   Y 
2017-07-27 09:46:08.624085: I tensorflow/core/common_runtime/gpu/gpu_device.cc:1030] Creating TensorFlow device (/gpu:0) -> (device: 0, name: GeForce GTX 1080, pci bus id: 0000:08:00.0)
Number of (folders) crystal structures: 2964
Restoring variables from sleep. This may take a while...
example number: 0   MUE loss: 0.0468   label: -2.3700 	prediction: -2.3232
example number: 1   MUE loss: 0.8411   label: -4.8881 	prediction: -4.0470
example number: 2   MUE loss: 0.0839   label: -1.4635 	prediction: -1.5474
example number: 3   MUE loss: 0.8792   label: -2.5655 	prediction: -3.4447
example number: 4   MUE loss: 1.9143   label: -4.5504 	prediction: -2.6360
example number: 5   MUE loss: 0.2820   label: -2.1626 	prediction: -2.4446
example number: 6   MUE loss: 0.7711   label: -4.7163 	prediction: -3.9452
example number: 7   MUE loss: 1.2025   label: -2.0560 	prediction: -3.2585
example number: 8   MUE loss: 0.2186   label: -3.5550 	prediction: -3.3363
example number: 9   MUE loss: 0.4208   label: -2.8736 	prediction: -3.2944
example number: 10   MUE loss: 1.1667   label: -3.5076 	prediction: -2.3408
example number: 11   MUE loss: 2.7824   label: -4.4496 	prediction: -1.6673
example number: 12   MUE loss: 0.1888   label: -3.1284 	prediction: -2.9396
example number: 13   MUE loss: 0.9639   label: -2.0145 	prediction: -2.9784
example number: 14   MUE loss: 1.4491   label: -4.2600 	prediction: -2.8110
example number: 15   MUE loss: 1.0267   label: -1.8071 	prediction: -2.8338
example number: 16   MUE loss: 0.3446   label: -2.1745 	prediction: -2.5191
example number: 17   MUE loss: 2.6729   label: -6.0672 	prediction: -3.3942
example number: 18   MUE loss: 0.4228   label: -2.8677 	prediction: -2.4449
example number: 19   MUE loss: 0.0830   label: -4.4082 	prediction: -4.4911
example number: 20   MUE loss: 0.7096   label: -5.1547 	prediction: -4.4451
example number: 21   MUE loss: 0.9411   label: -3.0928 	prediction: -2.1517
example number: 22   MUE loss: 0.6829   label: -4.9710 	prediction: -4.2881
example number: 23   MUE loss: 0.4425   label: -2.4707 	prediction: -2.0282
example number: 24   MUE loss: 0.0053   label: -4.1889 	prediction: -4.1942
example number: 25   MUE loss: 0.8729   label: -4.6215 	prediction: -3.7485
example number: 26   MUE loss: 0.5081   label: -3.9105 	prediction: -4.4185
example number: 27   MUE loss: 0.4404   label: -3.8986 	prediction: -3.4582
example number: 28   MUE loss: 0.1846   label: -3.1995 	prediction: -3.0149
example number: 29   MUE loss: 0.0419   label: -4.9592 	prediction: -5.0011
example number: 30   MUE loss: 0.6681   label: -2.7255 	prediction: -3.3935
example number: 31   MUE loss: 0.2050   label: -3.3772 	prediction: -3.5822
example number: 32   MUE loss: 0.1091   label: -3.4483 	prediction: -3.3392
example number: 33   MUE loss: 0.3799   label: -5.6346 	prediction: -5.2547
example number: 34   MUE loss: 0.2352   label: -3.0040 	prediction: -2.7688
example number: 35   MUE loss: 0.4703   label: -2.9388 	prediction: -2.4684
example number: 36   MUE loss: 0.6746   label: -2.3463 	prediction: -3.0208
example number: 37   MUE loss: 0.4233   label: -2.7255 	prediction: -2.3022
example number: 38   MUE loss: 0.2519   label: -3.8690 	prediction: -3.6171
example number: 39   MUE loss: 0.8004   label: -3.4957 	prediction: -4.2961
example number: 40   MUE loss: 0.7995   label: -4.1119 	prediction: -3.3124
example number: 41   MUE loss: 0.7856   label: -3.9045 	prediction: -3.1189
example number: 42   MUE loss: 0.6985   label: -5.1784 	prediction: -4.4799
example number: 43   MUE loss: 1.7509   label: -3.2409 	prediction: -4.9919
example number: 44   MUE loss: 0.2659   label: -3.0336 	prediction: -3.2995
example number: 45   MUE loss: 1.2652   label: -4.2660 	prediction: -3.0008
example number: 46   MUE loss: 0.3193   label: -3.8157 	prediction: -3.4964
example number: 47   MUE loss: 0.4041   label: -4.0290 	prediction: -3.6249
example number: 48   MUE loss: 0.9894   label: -5.2258 	prediction: -4.2364
example number: 49   MUE loss: 0.2218   label: -4.8229 	prediction: -4.6011
example number: 50   MUE loss: 1.0982   label: -4.2600 	prediction: -3.1618
example number: 51   MUE loss: 1.0692   label: -4.7400 	prediction: -3.6708
example number: 52   MUE loss: 0.3613   label: -2.3700 	prediction: -2.7313
example number: 53   MUE loss: 0.3165   label: -2.4826 	prediction: -2.1660
example number: 54   MUE loss: 1.1061   label: -1.5346 	prediction: -2.6406
example number: 55   MUE loss: 0.0844   label: -4.8703 	prediction: -4.9547
example number: 56   MUE loss: 0.3654   label: -2.0856 	prediction: -1.7202
example number: 57   MUE loss: 0.2503   label: -5.2317 	prediction: -4.9815
example number: 58   MUE loss: 1.6097   label: -5.2317 	prediction: -3.6220
example number: 59   MUE loss: 1.6832   label: -3.6142 	prediction: -1.9310
example number: 60   MUE loss: 0.2702   label: -3.2883 	prediction: -3.0181
example number: 61   MUE loss: 0.1979   label: -3.0217 	prediction: -2.8239
example number: 62   MUE loss: 2.4965   label: -4.2423 	prediction: -1.7457
example number: 63   MUE loss: 1.2307   label: -3.8986 	prediction: -2.6679
example number: 64   MUE loss: 0.8036   label: -4.9118 	prediction: -4.1082
example number: 65   MUE loss: 0.5308   label: -4.2897 	prediction: -3.7589
example number: 66   MUE loss: 0.8087   label: -4.2245 	prediction: -3.4158
example number: 67   MUE loss: 0.6962   label: -4.2186 	prediction: -3.5223
example number: 68   MUE loss: 0.1793   label: -2.9625 	prediction: -2.7832
example number: 69   MUE loss: 0.3555   label: -3.1402 	prediction: -3.4958
example number: 70   MUE loss: 0.0554   label: -2.4589 	prediction: -2.5142
example number: 71   MUE loss: 0.1280   label: -1.4457 	prediction: -1.5737
example number: 72   MUE loss: 0.7625   label: -5.2436 	prediction: -4.4810
example number: 73   MUE loss: 0.2308   label: -4.8703 	prediction: -4.6395
example number: 74   MUE loss: 1.2110   label: -6.2330 	prediction: -5.0220
example number: 75   MUE loss: 1.4108   label: -5.4984 	prediction: -4.0876
example number: 76   MUE loss: 1.5079   label: -3.1580 	prediction: -1.6501
example number: 77   MUE loss: 0.6790   label: -4.0053 	prediction: -3.3262
example number: 78   MUE loss: 0.1891   label: -3.8512 	prediction: -3.6621
example number: 79   MUE loss: 0.9262   label: -6.9559 	prediction: -6.0297
example number: 80   MUE loss: 0.8210   label: -3.7268 	prediction: -2.9058
example number: 81   MUE loss: 0.4424   label: -3.8927 	prediction: -4.3351
example number: 82   MUE loss: 0.1016   label: -3.8631 	prediction: -3.7615
example number: 83   MUE loss: 1.0474   label: -3.8927 	prediction: -2.8453
example number: 84   MUE loss: 3.0092   label: -4.5622 	prediction: -1.5530
example number: 85   MUE loss: 0.6353   label: -4.7696 	prediction: -4.1343
example number: 86   MUE loss: 0.2699   label: -3.6912 	prediction: -3.4213
example number: 87   MUE loss: 1.3367   label: -5.7117 	prediction: -4.3750
example number: 88   MUE loss: 0.6604   label: -3.2528 	prediction: -2.5924
example number: 89   MUE loss: 0.6589   label: -4.9770 	prediction: -4.3181
example number: 90   MUE loss: 0.6635   label: -4.7400 	prediction: -5.4035
example number: 91   MUE loss: 0.9037   label: -1.9552 	prediction: -2.8590
example number: 92   MUE loss: 0.6811   label: -4.7459 	prediction: -5.4269
example number: 93   MUE loss: 0.4086   label: -4.4141 	prediction: -4.0055
example number: 94   MUE loss: 0.8330   label: -3.3772 	prediction: -2.5443
example number: 95   MUE loss: 0.4340   label: -4.1060 	prediction: -3.6720
example number: 96   MUE loss: 1.5598   label: -3.3120 	prediction: -1.7522
example number: 97   MUE loss: 0.1671   label: -3.8571 	prediction: -4.0243
example number: 98   MUE loss: 0.6884   label: -5.0777 	prediction: -4.3893
example number: 99   MUE loss: 1.3655   label: -5.2673 	prediction: -3.9018
example number: 100   MUE loss: 0.2424   label: -4.2245 	prediction: -3.9820
example number: 101   MUE loss: 0.0465   label: -5.0303 	prediction: -5.0768
example number: 102   MUE loss: 0.0194   label: -3.9579 	prediction: -3.9384
example number: 103   MUE loss: 0.5850   label: -1.2561 	prediction: -1.8411
example number: 104   MUE loss: 1.0345   label: -4.4319 	prediction: -3.3974
example number: 105   MUE loss: 0.1552   label: -4.6333 	prediction: -4.4781
example number: 106   MUE loss: 0.4483   label: -5.3917 	prediction: -4.9434
example number: 107   MUE loss: 0.1745   label: -1.4812 	prediction: -1.3068
example number: 108   MUE loss: 1.2128   label: -4.7400 	prediction: -3.5271
example number: 109   MUE loss: 0.3037   label: -3.4187 	prediction: -3.7224
example number: 110   MUE loss: 1.8863   label: -5.4450 	prediction: -3.5587
example number: 111   MUE loss: 0.4471   label: -1.8486 	prediction: -2.2957
example number: 112   MUE loss: 0.0353   label: -4.9770 	prediction: -4.9416
example number: 113   MUE loss: 0.5148   label: -3.0928 	prediction: -3.6077
example number: 114   MUE loss: 1.1179   label: -7.0211 	prediction: -5.9032
example number: 115   MUE loss: 0.0849   label: -5.0777 	prediction: -5.1625
example number: 116   MUE loss: 0.8615   label: -2.9684 	prediction: -3.8299
example number: 117   MUE loss: 0.1711   label: -2.7847 	prediction: -2.9558
example number: 118   MUE loss: 0.1773   label: -1.9138 	prediction: -1.7365
example number: 119   MUE loss: 0.3372   label: -1.9315 	prediction: -2.2687
example number: 120   MUE loss: 0.6946   label: -2.3641 	prediction: -1.6695
example number: 121   MUE loss: 1.5960   label: -4.6215 	prediction: -3.0255
example number: 122   MUE loss: 0.3284   label: -1.7419 	prediction: -1.4136
example number: 123   MUE loss: 0.8213   label: -2.5300 	prediction: -1.7086
example number: 124   MUE loss: 0.5224   label: -3.5431 	prediction: -3.0207
example number: 125   MUE loss: 0.1705   label: -4.8999 	prediction: -4.7295
example number: 126   MUE loss: 0.1614   label: -3.4128 	prediction: -3.5741
example number: 127   MUE loss: 0.0368   label: -5.1962 	prediction: -5.2330
example number: 128   MUE loss: 1.0996   label: -1.9078 	prediction: -3.0074
example number: 129   MUE loss: 0.0799   label: -6.0257 	prediction: -6.1056
example number: 130   MUE loss: 1.1317   label: -4.6333 	prediction: -3.5016
example number: 131   MUE loss: 0.5848   label: -3.6201 	prediction: -3.0354
example number: 132   MUE loss: 1.2142   label: -1.7953 	prediction: -0.5810
example number: 133   MUE loss: 0.4147   label: -5.1547 	prediction: -4.7400
example number: 134   MUE loss: 0.0460   label: -3.2291 	prediction: -3.1831
example number: 135   MUE loss: 0.0056   label: -4.4022 	prediction: -4.3967
example number: 136   MUE loss: 0.0936   label: -2.6248 	prediction: -2.5312
example number: 137   MUE loss: 0.1202   label: -4.8229 	prediction: -4.7027
example number: 138   MUE loss: 1.6446   label: -3.2469 	prediction: -1.6023
example number: 139   MUE loss: 1.4911   label: -3.6557 	prediction: -2.1646
example number: 140   MUE loss: 1.3144   label: -4.4378 	prediction: -3.1234
example number: 141   MUE loss: 0.6150   label: -2.5774 	prediction: -3.1923
example number: 142   MUE loss: 0.0165   label: -2.8440 	prediction: -2.8605
example number: 143   MUE loss: 0.2034   label: -4.5385 	prediction: -4.3351
example number: 144   MUE loss: 0.1104   label: -2.2515 	prediction: -2.1411
example number: 145   MUE loss: 1.4777   label: -4.1475 	prediction: -2.6698
example number: 146   MUE loss: 0.2393   label: -2.3700 	prediction: -2.6093
example number: 147   MUE loss: 2.7576   label: -4.5622 	prediction: -1.8046
example number: 148   MUE loss: 0.7829   label: -4.6748 	prediction: -3.8919
example number: 149   MUE loss: 0.5882   label: -4.7696 	prediction: -4.1814
example number: 150   MUE loss: 0.2197   label: -4.0112 	prediction: -3.7915
example number: 151   MUE loss: 0.1040   label: -2.5063 	prediction: -2.6102
example number: 152   MUE loss: 0.4993   label: -2.7255 	prediction: -2.2262
example number: 153   MUE loss: 0.1330   label: -3.1284 	prediction: -3.2614
example number: 154   MUE loss: 0.6229   label: -4.6333 	prediction: -4.0104
example number: 155   MUE loss: 3.0201   label: -5.1073 	prediction: -2.0872
example number: 156   MUE loss: 0.9478   label: -5.3799 	prediction: -4.4320
example number: 157   MUE loss: 0.9819   label: -2.7136 	prediction: -1.7318
example number: 158   MUE loss: 1.2404   label: -4.0882 	prediction: -2.8478
example number: 159   MUE loss: 1.3108   label: -1.8367 	prediction: -3.1476
example number: 160   MUE loss: 1.6068   label: -3.7564 	prediction: -2.1497
example number: 161   MUE loss: 0.0487   label: -2.0026 	prediction: -1.9539
example number: 162   MUE loss: 1.5043   label: -5.1547 	prediction: -3.6504
example number: 163   MUE loss: 2.1461   label: -5.4095 	prediction: -3.2634
example number: 164   MUE loss: 0.0362   label: -1.9197 	prediction: -1.9559
example number: 165   MUE loss: 0.6663   label: -2.2337 	prediction: -2.9000
example number: 166   MUE loss: 0.3233   label: -1.8664 	prediction: -1.5431
example number: 167   MUE loss: 0.1000   label: -4.5148 	prediction: -4.4148
example number: 168   MUE loss: 0.5616   label: -4.5622 	prediction: -4.0006
example number: 169   MUE loss: 0.5602   label: -4.4733 	prediction: -5.0335
example number: 170   MUE loss: 0.0198   label: -2.7847 	prediction: -2.8046
example number: 171   MUE loss: 1.1172   label: -2.7255 	prediction: -1.6083
example number: 172   MUE loss: 0.4138   label: -4.7992 	prediction: -4.3855
example number: 173   MUE loss: 0.5090   label: -3.8275 	prediction: -3.3185
example number: 174   MUE loss: 0.3565   label: -3.4661 	prediction: -3.8226
example number: 175   MUE loss: 1.7733   label: -3.9697 	prediction: -2.1965
example number: 176   MUE loss: 0.6192   label: -3.2291 	prediction: -2.6099
example number: 177   MUE loss: 2.3366   label: -4.3015 	prediction: -1.9649
example number: 178   MUE loss: 0.5295   label: -4.7400 	prediction: -4.2105
example number: 179   MUE loss: 2.0372   label: -5.8183 	prediction: -3.7811
example number: 180   MUE loss: 0.6687   label: -1.3094 	prediction: -1.9782
example number: 181   MUE loss: 0.1880   label: -2.3285 	prediction: -2.5165
example number: 182   MUE loss: 0.0984   label: -2.6425 	prediction: -2.5441
example number: 183   MUE loss: 0.6013   label: -2.9388 	prediction: -3.5400
example number: 184   MUE loss: 0.6699   label: -3.9638 	prediction: -4.6337
example number: 185   MUE loss: 0.6669   label: -3.9460 	prediction: -3.2791
example number: 186   MUE loss: 0.7319   label: -3.0099 	prediction: -2.2780
example number: 187   MUE loss: 0.5378   label: -3.4779 	prediction: -2.9401
example number: 188   MUE loss: 0.5485   label: -4.5267 	prediction: -3.9781
example number: 189   MUE loss: 0.8422   label: -1.7953 	prediction: -2.6375
example number: 190   MUE loss: 0.2723   label: -4.1297 	prediction: -3.8573
example number: 191   MUE loss: 1.2301   label: -3.5964 	prediction: -2.3663
example number: 192   MUE loss: 2.4169   label: -2.7373 	prediction: -0.3204
example number: 193   MUE loss: 0.5053   label: -2.3878 	prediction: -1.8824
example number: 194   MUE loss: 1.3910   label: -5.7591 	prediction: -4.3680
example number: 195   MUE loss: 1.6881   label: -3.2409 	prediction: -1.5528
example number: 196   MUE loss: 1.3693   label: -5.9901 	prediction: -4.6208
example number: 197   MUE loss: 0.8561   label: -3.2054 	prediction: -2.3493
example number: 198   MUE loss: 0.7266   label: -6.3397 	prediction: -5.6131
example number: 199   MUE loss: 0.7253   label: -5.1547 	prediction: -4.4294
example number: 200   MUE loss: 0.9809   label: -4.0112 	prediction: -3.0303
example number: 201   MUE loss: 0.2013   label: -2.7433 	prediction: -2.9445
example number: 202   MUE loss: 0.5262   label: -1.7301 	prediction: -2.2562
example number: 203   MUE loss: 0.0170   label: -4.7163 	prediction: -4.6992
example number: 204   MUE loss: 0.6124   label: -4.2778 	prediction: -3.6654
example number: 205   MUE loss: 0.5052   label: -1.5997 	prediction: -2.1049
example number: 206   MUE loss: 0.8317   label: -4.5030 	prediction: -3.6713
example number: 207   MUE loss: 0.8878   label: -4.2897 	prediction: -3.4019
example number: 208   MUE loss: 0.6157   label: -2.3226 	prediction: -1.7069
example number: 209   MUE loss: 1.1378   label: -5.1962 	prediction: -4.0583
example number: 210   MUE loss: 0.7183   label: -4.7163 	prediction: -3.9980
example number: 211   MUE loss: 0.3220   label: -3.7090 	prediction: -3.3870
example number: 212   MUE loss: 0.3823   label: -5.9250 	prediction: -5.5427
example number: 213   MUE loss: 0.4278   label: -3.5076 	prediction: -3.9354
example number: 214   MUE loss: 0.8082   label: -5.6820 	prediction: -4.8738
example number: 215   MUE loss: 0.3724   label: -3.6142 	prediction: -3.2419
example number: 216   MUE loss: 0.1211   label: -1.2976 	prediction: -1.1765
example number: 217   MUE loss: 0.1914   label: -2.5003 	prediction: -2.6918
example number: 218   MUE loss: 1.4816   label: -5.0481 	prediction: -3.5665
example number: 219   MUE loss: 1.5526   label: -3.0751 	prediction: -4.6276
example number: 220   MUE loss: 0.0733   label: -4.0290 	prediction: -4.1023
example number: 221   MUE loss: 0.0478   label: -3.4009 	prediction: -3.4487
example number: 222   MUE loss: 0.4051   label: -2.6188 	prediction: -3.0239
example number: 223   MUE loss: 1.3140   label: -2.3700 	prediction: -1.0560
example number: 224   MUE loss: 1.4245   label: -4.4970 	prediction: -3.0726
example number: 225   MUE loss: 1.1374   label: -2.9506 	prediction: -1.8133
example number: 226   MUE loss: 0.3159   label: -4.1652 	prediction: -3.8493
example number: 227   MUE loss: 0.7028   label: -1.9552 	prediction: -2.6581
example number: 228   MUE loss: 0.8562   label: -4.0823 	prediction: -3.2261
example number: 229   MUE loss: 0.4216   label: -2.6959 	prediction: -2.2743
example number: 230   MUE loss: 1.2089   label: -4.9770 	prediction: -3.7681
example number: 231   MUE loss: 1.2829   label: -2.7847 	prediction: -4.0676
example number: 232   MUE loss: 0.6845   label: -4.3845 	prediction: -5.0690
example number: 233   MUE loss: 0.4961   label: -3.4365 	prediction: -3.9325
example number: 234   MUE loss: 1.2776   label: -4.8703 	prediction: -3.5927
example number: 235   MUE loss: 1.6946   label: -4.2897 	prediction: -2.5951
example number: 236   MUE loss: 1.1893   label: -4.3845 	prediction: -3.1952
example number: 237   MUE loss: 0.3335   label: -3.6261 	prediction: -3.9596
example number: 238   MUE loss: 0.0303   label: -2.2278 	prediction: -2.2581
example number: 239   MUE loss: 0.5060   label: -4.2600 	prediction: -3.7541
example number: 240   MUE loss: 0.7687   label: -3.9697 	prediction: -4.7384
example number: 241   MUE loss: 0.1454   label: -3.5905 	prediction: -3.4452
example number: 242   MUE loss: 0.4496   label: -4.4970 	prediction: -4.9466
example number: 243   MUE loss: 0.5398   label: -2.6722 	prediction: -2.1323
example number: 244   MUE loss: 1.3199   label: -2.2930 	prediction: -3.6128
example number: 245   MUE loss: 0.7613   label: -4.4082 	prediction: -3.6468
example number: 246   MUE loss: 1.9575   label: -5.0244 	prediction: -3.0668
example number: 247   MUE loss: 0.2369   label: -1.7656 	prediction: -1.5288
example number: 248   MUE loss: 1.0523   label: -3.6853 	prediction: -4.7376
example number: 249   MUE loss: 0.7009   label: -3.2113 	prediction: -2.5104
example number: 250   MUE loss: 0.1514   label: -2.3581 	prediction: -2.5095
example number: 251   MUE loss: 1.3791   label: -3.5076 	prediction: -2.1284
example number: 252   MUE loss: 0.2770   label: -5.1547 	prediction: -4.8777
example number: 253   MUE loss: 0.5969   label: -3.6379 	prediction: -3.0410
example number: 254   MUE loss: 0.7976   label: -4.4082 	prediction: -3.6106
example number: 255   MUE loss: 0.0663   label: -2.4589 	prediction: -2.3926
example number: 256   MUE loss: 1.3464   label: -3.5727 	prediction: -4.9192
example number: 257   MUE loss: 1.1283   label: -5.1547 	prediction: -4.0264
example number: 258   MUE loss: 0.4680   label: -3.3594 	prediction: -3.8275
example number: 259   MUE loss: 0.0091   label: -4.3371 	prediction: -4.3462
example number: 260   MUE loss: 0.8453   label: -4.5859 	prediction: -3.7406
example number: 261   MUE loss: 1.2112   label: -3.5372 	prediction: -2.3260
example number: 262   MUE loss: 0.4983   label: -2.4115 	prediction: -2.9097
example number: 263   MUE loss: 0.8341   label: -4.0408 	prediction: -3.2067
example number: 264   MUE loss: 1.4038   label: -3.0632 	prediction: -1.6594
example number: 265   MUE loss: 2.7796   label: -4.7518 	prediction: -1.9722
example number: 266   MUE loss: 0.1724   label: -3.3002 	prediction: -3.4726
example number: 267   MUE loss: 2.3580   label: -5.7117 	prediction: -3.3537
example number: 268   MUE loss: 0.3413   label: -2.2930 	prediction: -1.9516
example number: 269   MUE loss: 1.7354   label: -4.5859 	prediction: -2.8505
example number: 270   MUE loss: 0.6022   label: -1.8604 	prediction: -1.2582
example number: 271   MUE loss: 0.0902   label: -2.1804 	prediction: -2.2706
example number: 272   MUE loss: 0.7819   label: -3.9875 	prediction: -3.2056
example number: 273   MUE loss: 0.8038   label: -5.3088 	prediction: -4.5049
example number: 274   MUE loss: 1.4516   label: -4.6333 	prediction: -3.1817
example number: 275   MUE loss: 1.6428   label: -4.2067 	prediction: -2.5639
example number: 276   MUE loss: 1.8278   label: -4.6155 	prediction: -2.7877
example number: 277   MUE loss: 0.8998   label: -3.5550 	prediction: -2.6552
example number: 278   MUE loss: 1.0816   label: -5.8598 	prediction: -4.7781
example number: 279   MUE loss: 1.2699   label: -3.8986 	prediction: -2.6287
example number: 280   MUE loss: 0.7881   label: -5.9250 	prediction: -5.1369
example number: 281   MUE loss: 0.9986   label: -2.7788 	prediction: -3.7774
example number: 282   MUE loss: 1.1127   label: -5.6346 	prediction: -4.5219
example number: 283   MUE loss: 0.3654   label: -2.5596 	prediction: -2.9250
example number: 284   MUE loss: 0.9551   label: -4.0823 	prediction: -3.1272
example number: 285   MUE loss: 1.0474   label: -5.9250 	prediction: -4.8775
example number: 286   MUE loss: 0.1936   label: -3.5846 	prediction: -3.3910
example number: 287   MUE loss: 1.7140   label: -3.9697 	prediction: -2.2557
example number: 288   MUE loss: 1.0399   label: -5.4095 	prediction: -4.3696
example number: 289   MUE loss: 0.7117   label: -2.3107 	prediction: -1.5990
example number: 290   MUE loss: 0.9412   label: -4.4022 	prediction: -3.4610
example number: 291   MUE loss: 0.0452   label: -3.5076 	prediction: -3.4623
example number: 292   MUE loss: 0.6490   label: -2.8440 	prediction: -2.1949
example number: 293   MUE loss: 0.2259   label: -3.1995 	prediction: -3.4254
example number: 294   MUE loss: 1.8161   label: -5.0481 	prediction: -3.2320
example number: 295   MUE loss: 1.6995   label: -3.5076 	prediction: -5.2070
example number: 296   MUE loss: 0.1993   label: -2.9684 	prediction: -3.1677
example number: 297   MUE loss: 0.9853   label: -3.9223 	prediction: -2.9370
example number: 298   MUE loss: 1.1533   label: -4.9888 	prediction: -6.1421
example number: 299   MUE loss: 0.7029   label: -3.6201 	prediction: -4.3230
example number: 300   MUE loss: 1.2804   label: -5.3621 	prediction: -4.0817
example number: 301   MUE loss: 0.8291   label: -4.3845 	prediction: -3.5553
example number: 302   MUE loss: 0.4258   label: -3.7920 	prediction: -4.2178
example number: 303   MUE loss: 0.2326   label: -4.7400 	prediction: -4.9725
example number: 304   MUE loss: 0.3025   label: -6.0198 	prediction: -5.7172
example number: 305   MUE loss: 0.1419   label: -4.4852 	prediction: -4.3433
example number: 306   MUE loss: 0.4769   label: -3.1402 	prediction: -3.6171
example number: 307   MUE loss: 0.1086   label: -3.1995 	prediction: -3.0908
example number: 308   MUE loss: 0.1602   label: -4.5622 	prediction: -4.4021
example number: 309   MUE loss: 0.9459   label: -4.1949 	prediction: -3.2490
example number: 310   MUE loss: 0.3353   label: -5.1192 	prediction: -4.7839
example number: 311   MUE loss: 0.4075   label: -3.6557 	prediction: -3.2482
example number: 312   MUE loss: 2.3180   label: -4.6215 	prediction: -2.3035
example number: 313   MUE loss: 0.1904   label: -3.8512 	prediction: -3.6608
example number: 314   MUE loss: 0.3825   label: -4.9770 	prediction: -4.5944
example number: 315   MUE loss: 0.2391   label: -3.0573 	prediction: -3.2963
example number: 316   MUE loss: 0.3548   label: -3.3772 	prediction: -3.0224
example number: 317   MUE loss: 0.3396   label: -3.1876 	prediction: -2.8480
example number: 318   MUE loss: 0.4401   label: -2.5537 	prediction: -2.9938
example number: 319   MUE loss: 0.8421   label: -4.1001 	prediction: -3.2579
example number: 320   MUE loss: 0.5370   label: -4.2719 	prediction: -3.7348
example number: 321   MUE loss: 1.1126   label: -4.8703 	prediction: -3.7578
example number: 322   MUE loss: 0.8052   label: -4.0586 	prediction: -4.8638
example number: 323   MUE loss: 0.1999   label: -3.6498 	prediction: -3.4499
example number: 324   MUE loss: 0.4377   label: -4.2067 	prediction: -4.6444
example number: 325   MUE loss: 1.8442   label: -2.8736 	prediction: -1.0294
example number: 326   MUE loss: 1.2998   label: -3.3120 	prediction: -2.0123
example number: 327   MUE loss: 0.0745   label: -5.7472 	prediction: -5.8217
example number: 328   MUE loss: 1.1311   label: -4.0764 	prediction: -2.9453
example number: 329   MUE loss: 0.1500   label: -5.3858 	prediction: -5.5357
example number: 330   MUE loss: 1.5708   label: -4.7400 	prediction: -3.1691
example number: 331   MUE loss: 0.7375   label: -5.1073 	prediction: -4.3698
example number: 332   MUE loss: 1.8479   label: -2.5951 	prediction: -4.4431
example number: 333   MUE loss: 1.0908   label: -4.4556 	prediction: -3.3648
example number: 334   MUE loss: 0.1724   label: -4.6926 	prediction: -4.8650
example number: 335   MUE loss: 0.8353   label: -3.4365 	prediction: -4.2718
example number: 336   MUE loss: 0.9452   label: -3.8334 	prediction: -2.8882
example number: 337   MUE loss: 0.2930   label: -3.4068 	prediction: -3.6998
example number: 338   MUE loss: 2.0655   label: -1.9434 	prediction: -4.0089
example number: 339   MUE loss: 0.8830   label: -4.4082 	prediction: -3.5252
example number: 340   MUE loss: 0.8035   label: -3.1580 	prediction: -3.9615
example number: 341   MUE loss: 0.1616   label: -3.1521 	prediction: -2.9905
example number: 342   MUE loss: 0.2294   label: -3.8808 	prediction: -4.1102
example number: 343   MUE loss: 0.8619   label: -4.3785 	prediction: -3.5166
example number: 344   MUE loss: 1.1741   label: -4.0823 	prediction: -2.9081
example number: 345   MUE loss: 0.0129   label: -3.1995 	prediction: -3.1866
example number: 346   MUE loss: 1.7517   label: -3.7920 	prediction: -2.0402
example number: 347   MUE loss: 0.0683   label: -4.2600 	prediction: -4.1917
example number: 348   MUE loss: 0.2870   label: -3.0514 	prediction: -2.7644
example number: 349   MUE loss: 0.3437   label: -5.1547 	prediction: -4.8110
example number: 350   MUE loss: 1.4093   label: -4.3785 	prediction: -2.9693
example number: 351   MUE loss: 0.8307   label: -2.7907 	prediction: -1.9599
example number: 352   MUE loss: 0.3864   label: -3.1698 	prediction: -2.7834
example number: 353   MUE loss: 1.7810   label: -3.2646 	prediction: -1.4837
example number: 354   MUE loss: 1.0520   label: -5.7117 	prediction: -4.6596
example number: 355   MUE loss: 0.5618   label: -3.8097 	prediction: -3.2479
example number: 356   MUE loss: 0.0656   label: -2.6307 	prediction: -2.6963
example number: 357   MUE loss: 0.4012   label: -1.7123 	prediction: -2.1135
example number: 358   MUE loss: 0.4451   label: -5.4391 	prediction: -4.9940
example number: 359   MUE loss: 0.0761   label: -3.6083 	prediction: -3.5322
example number: 360   MUE loss: 0.8381   label: -3.6616 	prediction: -4.4997
example number: 361   MUE loss: 0.9367   label: -3.5846 	prediction: -4.5213
example number: 362   MUE loss: 0.8692   label: -5.3621 	prediction: -4.4929
example number: 363   MUE loss: 1.4618   label: -4.9770 	prediction: -3.5151
example number: 364   MUE loss: 1.4498   label: -3.8808 	prediction: -2.4310
example number: 365   MUE loss: 1.1514   label: -5.7472 	prediction: -4.5958
example number: 366   MUE loss: 0.6698   label: -4.0349 	prediction: -3.3651
example number: 367   MUE loss: 0.7217   label: -2.4055 	prediction: -3.1272
example number: 368   MUE loss: 0.7454   label: -4.3845 	prediction: -3.6391
example number: 369   MUE loss: 2.5087   label: -5.2140 	prediction: -2.7053
example number: 370   MUE loss: 0.2939   label: -3.8749 	prediction: -3.5810
example number: 371   MUE loss: 0.7206   label: -5.5221 	prediction: -4.8015
example number: 372   MUE loss: 0.7276   label: -3.1047 	prediction: -2.3770
example number: 373   MUE loss: 0.8335   label: -2.2633 	prediction: -3.0968
example number: 374   MUE loss: 0.5911   label: -2.9862 	prediction: -2.3951
example number: 375   MUE loss: 0.4529   label: -2.9092 	prediction: -3.3621
example number: 376   MUE loss: 0.7931   label: -3.3654 	prediction: -4.1585
example number: 377   MUE loss: 1.1506   label: -2.7610 	prediction: -1.6104
example number: 378   MUE loss: 0.8280   label: -4.0112 	prediction: -3.1831
example number: 379   MUE loss: 0.8395   label: -4.2067 	prediction: -3.3672
example number: 380   MUE loss: 0.1500   label: -3.9223 	prediction: -4.0723
example number: 381   MUE loss: 0.9560   label: -4.1415 	prediction: -5.0976
example number: 382   MUE loss: 0.8692   label: -3.1047 	prediction: -3.9739
example number: 383   MUE loss: 0.2883   label: -2.8203 	prediction: -3.1086
example number: 384   MUE loss: 0.9180   label: -1.8664 	prediction: -0.9484
example number: 385   MUE loss: 0.7363   label: -3.6735 	prediction: -2.9372
example number: 386   MUE loss: 0.9439   label: -2.6781 	prediction: -1.7342
example number: 387   MUE loss: 0.7945   label: -2.1034 	prediction: -2.8978
example number: 388   MUE loss: 0.4240   label: -2.8973 	prediction: -2.4733
example number: 389   MUE loss: 0.5333   label: -2.9269 	prediction: -3.4603
example number: 390   MUE loss: 1.0586   label: -4.3134 	prediction: -3.2547
example number: 391   MUE loss: 0.3862   label: -2.8440 	prediction: -2.4578
example number: 392   MUE loss: 2.1700   label: -4.8229 	prediction: -2.6529
example number: 393   MUE loss: 2.3804   label: -3.7268 	prediction: -1.3464
example number: 394   MUE loss: 0.4229   label: -1.6234 	prediction: -1.2005
example number: 395   MUE loss: 0.3833   label: -2.1034 	prediction: -2.4866
example number: 396   MUE loss: 0.2146   label: -4.1771 	prediction: -4.3917
example number: 397   MUE loss: 1.0831   label: -5.4924 	prediction: -4.4094
example number: 398   MUE loss: 0.9720   label: -4.0112 	prediction: -3.0392
example number: 399   MUE loss: 0.8566   label: -4.7992 	prediction: -3.9426
example number: 400   MUE loss: 0.7746   label: -3.3891 	prediction: -2.6145
example number: 401   MUE loss: 0.4451   label: -4.0586 	prediction: -3.6135
example number: 402   MUE loss: 0.3074   label: -3.4365 	prediction: -3.1291
example number: 403   MUE loss: 0.5282   label: -3.7623 	prediction: -3.2342
example number: 404   MUE loss: 0.5098   label: -2.5892 	prediction: -2.0794
example number: 405   MUE loss: 0.9888   label: -5.1962 	prediction: -4.2073
example number: 406   MUE loss: 0.0810   label: -4.3252 	prediction: -4.2442
example number: 407   MUE loss: 0.6836   label: -3.0928 	prediction: -3.7764
example number: 408   MUE loss: 2.6816   label: -4.9177 	prediction: -2.2361
example number: 409   MUE loss: 0.7805   label: -2.5477 	prediction: -3.3282
example number: 410   MUE loss: 1.5737   label: -5.5695 	prediction: -3.9957
example number: 411   MUE loss: 1.6153   label: -6.6952 	prediction: -5.0799
example number: 412   MUE loss: 1.2505   label: -5.3621 	prediction: -4.1116
example number: 413   MUE loss: 0.6146   label: -3.9105 	prediction: -3.2959
example number: 414   MUE loss: 0.3785   label: -4.2067 	prediction: -4.5853
example number: 415   MUE loss: 0.3982   label: -4.7163 	prediction: -4.3181
example number: 416   MUE loss: 1.5605   label: -4.5030 	prediction: -2.9425
example number: 417   MUE loss: 0.7747   label: -3.9045 	prediction: -3.1299
example number: 418   MUE loss: 0.3135   label: -2.8084 	prediction: -2.4949
example number: 419   MUE loss: 1.2045   label: -1.3864 	prediction: -2.5909
example number: 420   MUE loss: 0.5422   label: -2.6544 	prediction: -3.1965
example number: 421   MUE loss: 1.1984   label: -5.1547 	prediction: -6.3531
example number: 422   MUE loss: 0.2811   label: -2.8736 	prediction: -3.1547
example number: 423   MUE loss: 1.2317   label: -5.1547 	prediction: -3.9230
example number: 424   MUE loss: 0.3498   label: -5.3325 	prediction: -4.9826
example number: 425   MUE loss: 1.9748   label: -5.2017-07-27 09:46:21.674525: I tensorflow/core/common_runtime/gpu/pool_allocator.cc:247] PoolAllocator: After 9520 get requests, put_count=9517 evicted_count=1000 eviction_rate=0.105075 and unsatisfied allocation rate=0.115861
2017-07-27 09:46:21.674596: I tensorflow/core/common_runtime/gpu/pool_allocator.cc:259] Raising pool_size_limit_ from 100 to 110
9250 	prediction: -3.9502
example number: 426   MUE loss: 0.2459   label: -3.3891 	prediction: -3.1432
example number: 427   MUE loss: 0.0546   label: -2.9388 	prediction: -2.8841
example number: 428   MUE loss: 0.8663   label: -4.7874 	prediction: -3.9211
example number: 429   MUE loss: 0.3627   label: -1.7538 	prediction: -1.3911
example number: 430   MUE loss: 0.4637   label: -4.0112 	prediction: -4.4749
example number: 431   MUE loss: 1.6985   label: -3.7623 	prediction: -2.0638
example number: 432   MUE loss: 0.7213   label: -3.7979 	prediction: -4.5192
example number: 433   MUE loss: 0.7545   label: -3.0928 	prediction: -2.3383
example number: 434   MUE loss: 0.1861   label: -3.7683 	prediction: -3.9544
example number: 435   MUE loss: 0.9880   label: -2.4411 	prediction: -3.4290
example number: 436   MUE loss: 0.5657   label: -3.0751 	prediction: -3.6407
example number: 437   MUE loss: 0.6275   label: -3.4898 	prediction: -4.1173
example number: 438   MUE loss: 0.4955   label: -4.2482 	prediction: -4.7437
example number: 439   MUE loss: 0.2885   label: -2.0856 	prediction: -1.7971
example number: 440   MUE loss: 1.0193   label: -3.5016 	prediction: -2.4823
example number: 441   MUE loss: 1.0202   label: -6.2508 	prediction: -5.2306
example number: 442   MUE loss: 1.3470   label: -3.3772 	prediction: -2.0302
example number: 443   MUE loss: 1.6183   label: -3.2706 	prediction: -1.6523
example number: 444   MUE loss: 1.3436   label: -2.3048 	prediction: -3.6484
example number: 445   MUE loss: 0.1801   label: -4.4733 	prediction: -4.2932
example number: 446   MUE loss: 1.0474   label: -4.7044 	prediction: -3.6570
example number: 447   MUE loss: 1.3891   label: -4.0408 	prediction: -2.6517
example number: 448   MUE loss: 0.5313   label: -4.3845 	prediction: -3.8532
example number: 449   MUE loss: 0.1616   label: -3.5964 	prediction: -3.4349
example number: 450   MUE loss: 0.8009   label: -2.3937 	prediction: -1.5928
example number: 451   MUE loss: 0.0918   label: -1.3983 	prediction: -1.3065
example number: 452   MUE loss: 1.4268   label: -4.3015 	prediction: -2.8747
example number: 453   MUE loss: 1.1170   label: -4.3726 	prediction: -3.2557
example number: 454   MUE loss: 0.5057   label: -1.6590 	prediction: -2.1647
example number: 455   MUE loss: 1.4937   label: -3.8808 	prediction: -2.3871
example number: 456   MUE loss: 0.3556   label: -5.0125 	prediction: -4.6569
example number: 457   MUE loss: 1.6039   label: -3.8927 	prediction: -5.4965
example number: 458   MUE loss: 0.7423   label: -2.8084 	prediction: -3.5508
example number: 459   MUE loss: 0.7511   label: -4.3311 	prediction: -3.5800
example number: 460   MUE loss: 0.9160   label: -3.8808 	prediction: -2.9649
example number: 461   MUE loss: 1.6449   label: -2.8914 	prediction: -4.5363
example number: 462   MUE loss: 1.3246   label: -2.8262 	prediction: -4.1508
example number: 463   MUE loss: 0.4546   label: -3.7090 	prediction: -3.2544
example number: 464   MUE loss: 0.5159   label: -4.2719 	prediction: -3.7560
example number: 465   MUE loss: 1.1590   label: -5.5754 	prediction: -4.4164
example number: 466   MUE loss: 0.7787   label: -1.9434 	prediction: -2.7220
example number: 467   MUE loss: 1.1803   label: -5.6406 	prediction: -4.4603
example number: 468   MUE loss: 1.2817   label: -3.8749 	prediction: -2.5932
example number: 469   MUE loss: 0.0840   label: -4.4378 	prediction: -4.3538
example number: 470   MUE loss: 1.7399   label: -5.5872 	prediction: -3.8473
example number: 471   MUE loss: 0.2543   label: -2.2219 	prediction: -2.4762
example number: 472   MUE loss: 0.2031   label: -3.8394 	prediction: -4.0425
example number: 473   MUE loss: 0.8466   label: -3.8275 	prediction: -2.9809
example number: 474   MUE loss: 0.2867   label: -4.3252 	prediction: -4.6119
example number: 475   MUE loss: 0.9311   label: -5.8776 	prediction: -4.9465
example number: 476   MUE loss: 0.3191   label: -3.3654 	prediction: -3.0463
example number: 477   MUE loss: 0.5666   label: -5.1547 	prediction: -4.5882
example number: 478   MUE loss: 0.2337   label: -1.7775 	prediction: -2.0112
example number: 479   MUE loss: 1.0328   label: -6.1856 	prediction: -5.1528
example number: 480   MUE loss: 2.3964   label: -5.0481 	prediction: -2.6517
example number: 481   MUE loss: 1.5364   label: -4.3252 	prediction: -2.7888
example number: 482   MUE loss: 1.4670   label: -2.1685 	prediction: -3.6355
example number: 483   MUE loss: 0.7914   label: -2.0263 	prediction: -1.2350
example number: 484   MUE loss: 0.1426   label: -4.2067 	prediction: -4.3493
example number: 485   MUE loss: 0.6907   label: -5.6583 	prediction: -4.9676
example number: 486   MUE loss: 0.6379   label: -3.5846 	prediction: -2.9467
example number: 487   MUE loss: 0.0422   label: -2.9684 	prediction: -3.0106
example number: 488   MUE loss: 0.8280   label: -3.4898 	prediction: -2.6618
example number: 489   MUE loss: 0.9077   label: -5.0658 	prediction: -4.1581
example number: 490   MUE loss: 1.6650   label: -3.5076 	prediction: -1.8426
example number: 491   MUE loss: 0.6761   label: -4.0527 	prediction: -4.7288
example number: 492   MUE loss: 2.5208   label: -4.7400 	prediction: -2.2192
example number: 493   MUE loss: 0.1972   label: -3.9934 	prediction: -4.1906
example number: 494   MUE loss: 1.0998   label: -3.3298 	prediction: -2.2300
example number: 495   MUE loss: 0.3200   label: -1.9849 	prediction: -2.3049
example number: 496   MUE loss: 1.1495   label: -6.4108 	prediction: -5.2613
example number: 497   MUE loss: 0.4379   label: -2.9625 	prediction: -2.5246
example number: 498   MUE loss: 0.8298   label: -4.5385 	prediction: -3.7088
example number: 499   MUE loss: 2.0159   label: -4.9770 	prediction: -2.9610
example number: 500   MUE loss: 2.5113   label: -4.9177 	prediction: -2.4064
example number: 501   MUE loss: 0.0380   label: -3.1935 	prediction: -3.2316
example number: 502   MUE loss: 0.0077   label: -3.7149 	prediction: -3.7226
example number: 503   MUE loss: 1.8302   label: -4.5859 	prediction: -2.7557
example number: 504   MUE loss: 0.2115   label: -4.7163 	prediction: -4.9278
example number: 505   MUE loss: 0.3427   label: -3.0454 	prediction: -2.7028
example number: 506   MUE loss: 0.4665   label: -3.7327 	prediction: -3.2662
example number: 507   MUE loss: 0.3398   label: -3.5076 	prediction: -3.1677
example number: 508   MUE loss: 0.3862   label: -3.6498 	prediction: -3.2636
example number: 509   MUE loss: 0.0449   label: -2.6959 	prediction: -2.7408
example number: 510   MUE loss: 1.2951   label: -5.0184 	prediction: -3.7233
example number: 511   MUE loss: 1.4733   label: -3.9579 	prediction: -2.4846
example number: 512   MUE loss: 0.4414   label: -4.1238 	prediction: -4.5652
example number: 513   MUE loss: 1.0083   label: -1.9434 	prediction: -2.9517
example number: 514   MUE loss: 0.0627   label: -4.4200 	prediction: -4.4827
example number: 515   MUE loss: 0.2554   label: -3.1343 	prediction: -2.8789
example number: 516   MUE loss: 0.4492   label: -5.1192 	prediction: -4.6699
example number: 517   MUE loss: 0.7479   label: -2.4944 	prediction: -3.2423
example number: 518   MUE loss: 0.3150   label: -4.2482 	prediction: -4.5631
example number: 519   MUE loss: 0.8178   label: -2.7847 	prediction: -1.9670
example number: 520   MUE loss: 0.0064   label: -3.5727 	prediction: -3.5663
example number: 521   MUE loss: 0.3780   label: -4.8822 	prediction: -4.5041
example number: 522   MUE loss: 1.1491   label: -1.5642 	prediction: -2.7133
example number: 523   MUE loss: 1.9774   label: -6.7544 	prediction: -4.7771
example number: 524   MUE loss: 1.6093   label: -4.3015 	prediction: -2.6923
example number: 525   MUE loss: 0.0499   label: -3.4483 	prediction: -3.3984
example number: 526   MUE loss: 1.5445   label: -4.4082 	prediction: -2.8636
example number: 527   MUE loss: 0.8100   label: -4.8703 	prediction: -4.0603
example number: 528   MUE loss: 1.0921   label: -1.3627 	prediction: -2.4549
example number: 529   MUE loss: 0.6953   label: -6.3160 	prediction: -5.6207
example number: 530   MUE loss: 0.5570   label: -2.9447 	prediction: -2.3877
example number: 531   MUE loss: 0.4031   label: -3.9579 	prediction: -3.5548
example number: 532   MUE loss: 0.7678   label: -5.2969 	prediction: -4.5291
example number: 533   MUE loss: 0.4473   label: -3.1047 	prediction: -2.6574
example number: 534   MUE loss: 1.4714   label: -4.5030 	prediction: -3.0316
example number: 535   MUE loss: 0.5833   label: -5.1547 	prediction: -4.5714
example number: 536   MUE loss: 0.6575   label: -3.5076 	prediction: -2.8500
example number: 537   MUE loss: 1.3596   label: -4.3667 	prediction: -3.0071
example number: 538   MUE loss: 1.1417   label: -4.8999 	prediction: -3.7582
example number: 539   MUE loss: 0.0180   label: -2.2930 	prediction: -2.3110
example number: 540   MUE loss: 3.3010   label: -5.0955 	prediction: -1.7945
example number: 541   MUE loss: 0.6522   label: -4.6748 	prediction: -4.0226
example number: 542   MUE loss: 1.1054   label: -3.9579 	prediction: -2.8525
example number: 543   MUE loss: 0.0550   label: -2.9921 	prediction: -2.9371
example number: 544   MUE loss: 0.4311   label: -3.4661 	prediction: -3.8972
example number: 545   MUE loss: 0.5111   label: -2.3167 	prediction: -2.8277
example number: 546   MUE loss: 0.2790   label: -2.7196 	prediction: -2.4406
example number: 547   MUE loss: 0.7116   label: -2.6722 	prediction: -3.3838
example number: 548   MUE loss: 0.3477   label: -3.8868 	prediction: -4.2344
example number: 549   MUE loss: 0.9896   label: -3.3831 	prediction: -4.3728
example number: 550   MUE loss: 0.4303   label: -4.7163 	prediction: -5.1465
example number: 551   MUE loss: 0.3509   label: -1.7301 	prediction: -1.3792
example number: 552   MUE loss: 2.3077   label: -5.8776 	prediction: -3.5698
example number: 553   MUE loss: 0.6111   label: -2.5418 	prediction: -1.9307
example number: 554   MUE loss: 0.7644   label: -4.3845 	prediction: -3.6200
example number: 555   MUE loss: 1.5979   label: -3.3298 	prediction: -1.7319
example number: 556   MUE loss: 0.1194   label: -3.0928 	prediction: -2.9735
example number: 557   MUE loss: 0.5202   label: -4.8288 	prediction: -4.3086
example number: 558   MUE loss: 1.4677   label: -4.5741 	prediction: -6.0418
example number: 559   MUE loss: 0.7980   label: -2.1982 	prediction: -1.4001
example number: 560   MUE loss: 0.7690   label: -4.4556 	prediction: -5.2246
example number: 561   MUE loss: 0.0128   label: -2.5477 	prediction: -2.5605
example number: 562   MUE loss: 0.4690   label: -2.4352 	prediction: -1.9662
example number: 563   MUE loss: 0.1682   label: -2.2930 	prediction: -2.1248
example number: 564   MUE loss: 2.4061   label: -5.6524 	prediction: -3.2463
example number: 565   MUE loss: 1.5864   label: -1.7123 	prediction: -3.2987
example number: 566   MUE loss: 1.1602   label: -4.3134 	prediction: -3.1531
example number: 567   MUE loss: 0.1823   label: -2.9862 	prediction: -2.8039
example number: 568   MUE loss: 2.4430   label: -5.4984 	prediction: -3.0554
example number: 569   MUE loss: 0.6268   label: -3.6853 	prediction: -4.3122
example number: 570   MUE loss: 0.5291   label: -3.0751 	prediction: -2.5460
example number: 571   MUE loss: 0.0043   label: -3.6142 	prediction: -3.6185
example number: 572   MUE loss: 1.2204   label: -4.4852 	prediction: -3.2648
example number: 573   MUE loss: 0.5837   label: -2.0678 	prediction: -1.4841
example number: 574   MUE loss: 0.4241   label: -2.3404 	prediction: -1.9162
example number: 575   MUE loss: 1.9754   label: -5.2673 	prediction: -3.2919
example number: 576   MUE loss: 0.8828   label: -2.9921 	prediction: -2.1093
example number: 577   MUE loss: 0.9733   label: -4.2008 	prediction: -3.2275
example number: 578   MUE loss: 0.2754   label: -1.8071 	prediction: -1.5317
example number: 579   MUE loss: 0.8352   label: -2.7196 	prediction: -3.5547
example number: 580   MUE loss: 0.4947   label: -5.1547 	prediction: -4.6601
example number: 581   MUE loss: 0.3330   label: -4.5622 	prediction: -4.8952
example number: 582   MUE loss: 0.1124   label: -2.3048 	prediction: -2.4173
example number: 583   MUE loss: 1.5083   label: -3.7920 	prediction: -2.2837
example number: 584   MUE loss: 1.4451   label: -2.4826 	prediction: -1.0375
example number: 585   MUE loss: 0.4505   label: -4.3726 	prediction: -4.8232
example number: 586   MUE loss: 0.8069   label: -5.7117 	prediction: -4.9048
example number: 587   MUE loss: 0.6554   label: -2.1685 	prediction: -2.8240
example number: 588   MUE loss: 0.8129   label: -3.8453 	prediction: -3.0323
example number: 589   MUE loss: 1.1921   label: -3.3772 	prediction: -2.1851
example number: 590   MUE loss: 0.7284   label: -3.6142 	prediction: -2.8858
example number: 591   MUE loss: 1.6873   label: -2.9447 	prediction: -1.2574
example number: 592   MUE loss: 1.2599   label: -2.4233 	prediction: -3.6832
example number: 593   MUE loss: 1.3040   label: -4.4200 	prediction: -3.1160
example number: 594   MUE loss: 0.5690   label: -2.9269 	prediction: -2.3579
example number: 595   MUE loss: 0.0579   label: -3.3535 	prediction: -3.2956
example number: 596   MUE loss: 2.0203   label: -4.4556 	prediction: -2.4352
example number: 597   MUE loss: 0.9457   label: -3.7386 	prediction: -2.7929
example number: 598   MUE loss: 1.0530   label: -3.8453 	prediction: -2.7923
example number: 599   MUE loss: 0.5993   label: -2.1567 	prediction: -1.5574
example number: 600   MUE loss: 0.5749   label: -3.9697 	prediction: -3.3949
example number: 601   MUE loss: 0.6502   label: -4.6511 	prediction: -4.0008
example number: 602   MUE loss: 1.0310   label: -1.8901 	prediction: -2.9210
example number: 603   MUE loss: 0.8801   label: -4.5030 	prediction: -3.6228
example number: 604   MUE loss: 0.5769   label: -1.4161 	prediction: -1.9930
example number: 605   MUE loss: 0.1271   label: -3.2943 	prediction: -3.1672
example number: 606   MUE loss: 0.2023   label: -3.8571 	prediction: -3.6548
example number: 607   MUE loss: 0.9055   label: -2.7255 	prediction: -3.6309
example number: 608   MUE loss: 1.3740   label: -4.9770 	prediction: -3.6029
example number: 609   MUE loss: 0.0684   label: -2.8973 	prediction: -2.8289
example number: 610   MUE loss: 0.1156   label: -2.8677 	prediction: -2.9833
example number: 611   MUE loss: 0.0961   label: -2.2337 	prediction: -2.1376
example number: 612   MUE loss: 0.2506   label: -1.8841 	prediction: -2.1348
example number: 613   MUE loss: 0.3407   label: -4.1475 	prediction: -4.4882
example number: 614   MUE loss: 0.1538   label: -2.5892 	prediction: -2.4354
example number: 615   MUE loss: 0.1218   label: -3.5372 	prediction: -3.4154
example number: 616   MUE loss: 0.1522   label: -6.1383 	prediction: -5.9860
example number: 617   MUE loss: 0.7205   label: -3.4720 	prediction: -2.7515
example number: 618   MUE loss: 0.3527   label: -5.3088 	prediction: -4.9560
example number: 619   MUE loss: 0.8273   label: -1.7775 	prediction: -0.9501
example number: 620   MUE loss: 0.4381   label: -1.6234 	prediction: -1.1853
example number: 621   MUE loss: 0.2787   label: -3.4898 	prediction: -3.2111
example number: 622   MUE loss: 2.7925   label: -3.8927 	prediction: -1.1002
example number: 623   MUE loss: 1.9319   label: -3.5964 	prediction: -1.6646
example number: 624   MUE loss: 1.2302   label: -2.4707 	prediction: -3.7009
example number: 625   MUE loss: 1.7606   label: -5.0895 	prediction: -3.3290
example number: 626   MUE loss: 2.1004   label: -5.9842 	prediction: -3.8838
example number: 627   MUE loss: 1.1259   label: -3.8394 	prediction: -4.9653
example number: 628   MUE loss: 1.4585   label: -4.3845 	prediction: -2.9259
example number: 629   MUE loss: 0.3306   label: -4.2956 	prediction: -3.9650
example number: 630   MUE loss: 0.3654   label: -4.6926 	prediction: -5.0579
example number: 631   MUE loss: 0.3024   label: -2.3878 	prediction: -2.6901
example number: 632   MUE loss: 2.0752   label: -5.5695 	prediction: -3.4943
example number: 633   MUE loss: 2.0267   label: -3.9223 	prediction: -1.8956
example number: 634   MUE loss: 1.5311   label: -3.9993 	prediction: -2.4683
example number: 635   MUE loss: 0.1186   label: -3.4009 	prediction: -3.2823
example number: 636   MUE loss: 0.6787   label: -3.0514 	prediction: -2.3727
example number: 637   MUE loss: 2.8081   label: -5.3562 	prediction: -2.5480
example number: 638   MUE loss: 1.1708   label: -1.9078 	prediction: -3.0787
example number: 639   MUE loss: 0.3750   label: -3.7564 	prediction: -4.1314
example number: 640   MUE loss: 0.4172   label: -2.1271 	prediction: -1.7098
example number: 641   MUE loss: 0.9438   label: -5.4450 	prediction: -4.5012
example number: 642   MUE loss: 0.1398   label: -1.9967 	prediction: -2.1365
example number: 643   MUE loss: 0.0710   label: -3.8927 	prediction: -3.8217
example number: 644   MUE loss: 0.1780   label: -4.3134 	prediction: -4.1354
example number: 645   MUE loss: 1.3463   label: -4.5800 	prediction: -3.2337
example number: 646   MUE loss: 0.8545   label: -3.9816 	prediction: -3.1271
example number: 647   MUE loss: 0.2860   label: -3.2409 	prediction: -2.9550
example number: 648   MUE loss: 0.5756   label: -3.6261 	prediction: -4.2017
example number: 649   MUE loss: 0.4939   label: -4.2304 	prediction: -3.7365
example number: 650   MUE loss: 0.5039   label: -1.9552 	prediction: -1.4513
example number: 651   MUE loss: 1.3587   label: -3.8927 	prediction: -5.2514
example number: 652   MUE loss: 0.4981   label: -3.0928 	prediction: -2.5947
example number: 653   MUE loss: 0.0818   label: -3.7327 	prediction: -3.6509
example number: 654   MUE loss: 0.5116   label: -2.0856 	prediction: -1.5740
example number: 655   MUE loss: 1.2243   label: -3.6853 	prediction: -2.4610
example number: 656   MUE loss: 0.2248   label: -4.3134 	prediction: -4.0885
example number: 657   MUE loss: 1.4833   label: -4.3489 	prediction: -2.8656
example number: 658   MUE loss: 0.2141   label: -3.1995 	prediction: -2.9854
example number: 659   MUE loss: 0.5616   label: -4.8881 	prediction: -4.3265
example number: 660   MUE loss: 0.9016   label: -4.1475 	prediction: -3.2459
example number: 661   MUE loss: 0.4604   label: -4.6333 	prediction: -4.1730
example number: 662   MUE loss: 0.7598   label: -1.1850 	prediction: -1.9448
example number: 663   MUE loss: 0.3982   label: -4.7400 	prediction: -4.3418
example number: 664   MUE loss: 0.7747   label: -3.6083 	prediction: -4.3830
example number: 665   MUE loss: 0.0470   label: -3.6142 	prediction: -3.6612
example number: 666   MUE loss: 0.8208   label: -3.4661 	prediction: -2.6453
example number: 667   MUE loss: 1.0476   label: -3.3772 	prediction: -4.4248
example number: 668   MUE loss: 1.1834   label: -3.7268 	prediction: -2.5434
example number: 669   MUE loss: 0.3218   label: -1.5583 	prediction: -1.2365
example number: 670   MUE loss: 0.0526   label: -3.1995 	prediction: -3.1469
example number: 671   MUE loss: 0.5955   label: -3.2172 	prediction: -3.8128
example number: 672   MUE loss: 0.0425   label: -3.6142 	prediction: -3.5717
example number: 673   MUE loss: 0.3282   label: -2.1152 	prediction: -1.7870
example number: 674   MUE loss: 1.3015   label: -4.0823 	prediction: -2.7808
example number: 675   MUE loss: 0.9110   label: -2.6070 	prediction: -3.5180
example number: 676   MUE loss: 0.3279   label: -5.0955 	prediction: -4.7676
example number: 677   MUE loss: 1.4022   label: -4.2778 	prediction: -2.8756
example number: 678   MUE loss: 0.0433   label: -4.4556 	prediction: -4.4988
example number: 679   MUE loss: 0.9626   label: -3.9697 	prediction: -3.0071
example number: 680   MUE loss: 0.2982   label: -2.7729 	prediction: -2.4747
example number: 681   MUE loss: 0.0993   label: -4.2482 	prediction: -4.3475
example number: 682   MUE loss: 0.9380   label: -1.7834 	prediction: -2.7215
example number: 683   MUE loss: 0.1725   label: -4.9770 	prediction: -4.8044
example number: 684   MUE loss: 1.9724   label: -6.3871 	prediction: -4.4147
example number: 685   MUE loss: 0.6222   label: -2.8973 	prediction: -2.2751
example number: 686   MUE loss: 1.9555   label: -4.8288 	prediction: -2.8734
example number: 687   MUE loss: 1.1668   label: -3.2706 	prediction: -4.4374
example number: 688   MUE loss: 0.1694   label: -4.9947 	prediction: -4.8253
example number: 689   MUE loss: 1.1355   label: -4.9414 	prediction: -6.0770
example number: 690   MUE loss: 0.9347   label: -5.7887 	prediction: -4.8540
example number: 691   MUE loss: 1.5012   label: -5.6702 	prediction: -4.1690
example number: 692   MUE loss: 0.7802   label: -2.8084 	prediction: -2.0283
example number: 693   MUE loss: 0.5079   label: -3.6794 	prediction: -4.1873
example number: 694   MUE loss: 0.1322   label: -2.8736 	prediction: -3.0058
example number: 695   MUE loss: 1.6632   label: -5.3502 	prediction: -3.6870
example number: 696   MUE loss: 0.3342   label: -2.6722 	prediction: -2.3380
example number: 697   MUE loss: 0.7166   label: -5.9250 	prediction: -5.2084
example number: 698   MUE loss: 0.9227   label: -3.6557 	prediction: -2.7330
example number: 699   MUE loss: 0.8218   label: -3.8631 	prediction: -3.0413
example number: 700   MUE loss: 0.3268   label: -4.6866 	prediction: -5.0135
example number: 701   MUE loss: 0.6020   label: -1.6708 	prediction: -2.2729
example number: 702   MUE loss: 1.2299   label: -3.8334 	prediction: -2.6036
example number: 703   MUE loss: 1.1286   label: -3.7090 	prediction: -2.5804
example number: 704   MUE loss: 0.0072   label: -4.3608 	prediction: -4.3536
example number: 705   MUE loss: 1.2420   label: -6.5471 	prediction: -5.3051
example number: 706   MUE loss: 1.5303   label: -4.5504 	prediction: -3.0201
example number: 707   MUE loss: 0.9948   label: -3.7742 	prediction: -2.7794
example number: 708   MUE loss: 0.2305   label: -1.7360 	prediction: -1.9666
example number: 709   MUE loss: 0.1426   label: -5.1547 	prediction: -5.2973
example number: 710   MUE loss: 0.3073   label: -5.5339 	prediction: -5.2266
example number: 711   MUE loss: 0.3769   label: -3.3535 	prediction: -3.7304
example number: 712   MUE loss: 0.2448   label: -3.4128 	prediction: -3.6576
example number: 713   MUE loss: 0.3840   label: -4.2897 	prediction: -3.9057
example number: 714   MUE loss: 0.3618   label: -2.6899 	prediction: -3.0517
example number: 715   MUE loss: 0.8395   label: -4.2008 	prediction: -5.0403
example number: 716   MUE loss: 0.6956   label: -4.7400 	prediction: -4.0444
example number: 717   MUE loss: 1.1932   label: -3.4187 	prediction: -2.2255
example number: 718   MUE loss: 0.4226   label: -3.2232 	prediction: -3.6458
example number: 719   MUE loss: 0.5459   label: -4.6274 	prediction: -4.0815
example number: 720   MUE loss: 0.4034   label: -4.7814 	prediction: -4.3781
example number: 721   MUE loss: 1.2433   label: -4.3252 	prediction: -3.0819
example number: 722   MUE loss: 0.4682   label: -3.5550 	prediction: -4.0231
example number: 723   MUE loss: 1.4887   label: -2.3285 	prediction: -0.8398
example number: 724   MUE loss: 0.7984   label: -2.6248 	prediction: -1.8264
example number: 725   MUE loss: 2.1078   label: -5.1547 	prediction: -3.0469
example number: 726   MUE loss: 0.4979   label: -5.9309 	prediction: -5.4330
example number: 727   MUE loss: 0.1066   label: -4.7992 	prediction: -4.9058
example number: 728   MUE loss: 0.4825   label: -2.1330 	prediction: -2.6154
example number: 729   MUE loss: 1.9107   label: -5.2258 	prediction: -3.3151
example number: 730   MUE loss: 0.3057   label: -2.5477 	prediction: -2.2420
example number: 731   MUE loss: 0.9319   label: -2.4589 	prediction: -3.3907
example number: 732   MUE loss: 3.0365   label: -5.3739 	prediction: -2.3375
example number: 733   MUE loss: 0.6766   label: -2.8440 	prediction: -2.1674
example number: 734   MUE loss: 1.4811   label: -6.7070 	prediction: -5.2259
example number: 735   MUE loss: 1.0627   label: -4.6333 	prediction: -3.5706
example number: 736   MUE loss: 1.4091   label: -5.3325 	prediction: -3.9234
example number: 737   MUE loss: 0.7337   label: -5.1962 	prediction: -4.4625
example number: 738   MUE loss: 1.1525   label: -4.7400 	prediction: -5.8925
example number: 739   MUE loss: 0.0870   label: -3.4661 	prediction: -3.3791
example number: 740   MUE loss: 1.1975   label: -4.8051 	prediction: -3.6076
example number: 741   MUE loss: 0.1288   label: -2.8558 	prediction: -2.7270
Average mean unsigned error: 0.7882
All done
